2024-08-10 17:14:46.786300 | Results for data/dms/dms_adrb2.csv:
2024-08-10 17:14:46.786377 | 	DMS_0-esm2-3B:
2024-08-10 17:14:46.791545 | 		Spearman r = 0.3365427248205323, P = 7.661449842073546e-206
2024-08-10 17:14:46.791566 | 	DMS_0-DeepSequence:
2024-08-10 17:14:46.796211 | 		Spearman r = 0.391597764414569, P = 3.0389597487856813e-284
2024-08-10 17:14:46.796231 | 	DMS_0.15-esm2-3B:
2024-08-10 17:14:46.800833 | 		Spearman r = 0.40350244485603065, P = 2.7049698035782013e-303
2024-08-10 17:14:46.800851 | 	DMS_0.15-DeepSequence:
2024-08-10 17:14:46.805429 | 		Spearman r = 0.46271604889914103, P = 0.0
2024-08-10 17:14:46.805449 | 	DMS_0.625-esm2-3B:
2024-08-10 17:14:46.809919 | 		Spearman r = 0.4540037213650538, P = 0.0
2024-08-10 17:14:46.809936 | 	DMS_0.625-DeepSequence:
2024-08-10 17:14:46.814515 | 		Spearman r = 0.5219299153708199, P = 0.0
2024-08-10 17:14:46.814534 | 	DMS_5-esm2-3B:
2024-08-10 17:14:46.819031 | 		Spearman r = 0.44643048871840746, P = 0.0
2024-08-10 17:14:46.819048 | 	DMS_5-DeepSequence:
2024-08-10 17:14:46.823609 | 		Spearman r = 0.446730164694329, P = 0.0
2024-08-10 17:32:55.873889 | Results for data/dms/dms_bla.csv:
2024-08-10 17:32:55.873933 | 	DMS_(a)-esm2-3B:
2024-08-10 17:32:55.875854 | 		Spearman r = 0.7440686422712484, P = 5.394458912344832e-13
2024-08-10 17:32:55.875874 | 	DMS_(a)-DeepSequence:
2024-08-10 17:32:55.877605 | 		Spearman r = -0.31834780012324, P = 0.008653765888684831
2024-08-10 17:32:55.877625 | 	DMS_amp_0_(b)-esm2-3B:
2024-08-10 17:32:55.881002 | 		Spearman r = 0.0970635715725735, P = 6.7521823741859345e-12
2024-08-10 17:32:55.881020 | 	DMS_amp_0_(b)-DeepSequence:
2024-08-10 17:32:55.884380 | 		Spearman r = 0.1495877145087174, P = 2.64173825911884e-26
2024-08-10 17:32:55.884399 | 	DMS_amp_10_(b)-esm2-3B:
2024-08-10 17:32:55.888392 | 		Spearman r = 0.10125730587656075, P = 1.4592387951721412e-12
2024-08-10 17:32:55.888409 | 	DMS_amp_10_(b)-DeepSequence:
2024-08-10 17:32:55.892352 | 		Spearman r = 0.09991812464665394, P = 2.8644213540126883e-12
2024-08-10 17:32:55.892370 | 	DMS_amp_39_(b)-esm2-3B:
2024-08-10 17:32:55.895729 | 		Spearman r = 0.20035316904672446, P = 3.0289533074162215e-46
2024-08-10 17:32:55.895745 | 	DMS_amp_39_(b)-DeepSequence:
2024-08-10 17:32:55.899162 | 		Spearman r = 0.27085003986887574, P = 1.9707351833712756e-84
2024-08-10 17:32:55.899180 | 	DMS_amp_156_(b)-esm2-3B:
2024-08-10 17:32:55.902637 | 		Spearman r = 0.3448618122666251, P = 5.029261775952611e-139
2024-08-10 17:32:55.902654 | 	DMS_amp_156_(b)-DeepSequence:
2024-08-10 17:32:55.906078 | 		Spearman r = 0.4383963273209944, P = 6.234549196213311e-233
2024-08-10 17:32:55.906095 | 	DMS_amp_625_(b)-esm2-3B:
2024-08-10 17:32:55.909565 | 		Spearman r = 0.46386627998843427, P = 3.852991389043619e-264
2024-08-10 17:32:55.909583 | 	DMS_amp_625_(b)-DeepSequence:
2024-08-10 17:32:55.912926 | 		Spearman r = 0.616494865136829, P = 0.0
2024-08-10 17:32:55.912945 | 	DMS_amp_2500_(b)-esm2-3B:
2024-08-10 17:32:55.916261 | 		Spearman r = 0.5875138413257264, P = 0.0
2024-08-10 17:32:55.916278 | 	DMS_amp_2500_(b)-DeepSequence:
2024-08-10 17:32:55.919614 | 		Spearman r = 0.7532877726948102, P = 0.0
2024-08-10 17:32:55.919633 | 	DMS_cefo_0.2_(b)-esm2-3B:
2024-08-10 17:32:55.922954 | 		Spearman r = -0.08150543273941403, P = 8.473919731342255e-09
2024-08-10 17:32:55.922970 | 	DMS_cefo_0.2_(b)-DeepSequence:
2024-08-10 17:32:55.926377 | 		Spearman r = -0.06479001941522407, P = 4.764129280720241e-06
2024-08-10 17:32:55.926396 | 	DMS_M182T_(c)-esm2-3B:
2024-08-10 17:32:55.928166 | 		Spearman r = 0.3714079554065993, P = 7.733860059518602e-08
2024-08-10 17:32:55.928182 | 	DMS_M182T_(c)-DeepSequence:
2024-08-10 17:32:55.929995 | 		Spearman r = 0.41229452706345804, P = 1.7449137506975667e-09
2024-08-10 17:32:55.930013 | 	DMS_WT_(c)-esm2-3B:
2024-08-10 17:32:55.932899 | 		Spearman r = 0.5724232603167486, P = 2.9655361242592707e-87
2024-08-10 17:32:55.932916 | 	DMS_WT_(c)-DeepSequence:
2024-08-10 17:32:55.935844 | 		Spearman r = 0.7326302087327433, P = 2.8404642983707466e-167
2024-08-10 17:32:55.935862 | 	DMS_(d)-esm2-3B:
2024-08-10 17:32:55.952715 | 		Spearman r = -0.5753265594935176, P = 0.0
2024-08-10 17:32:55.952733 | 	DMS_(d)-DeepSequence:
2024-08-10 17:32:55.969091 | 		Spearman r = -0.7162613994222705, P = 0.0
2024-08-11 06:15:47.084365 | Results for data/dms/dms_brca1.csv:
2024-08-11 06:15:47.084436 | 	DMS_Y2H_all_(a)-esm2-3B:
2024-08-11 06:15:47.088563 | 		Spearman r = 0.1234099256879592, P = 2.269830081824246e-07
2024-08-11 06:15:47.088582 | 	DMS_Y2H_all_(a)-DeepSequence:
2024-08-11 06:15:47.093039 | 		Spearman r = 0.1458854650028293, P = 8.911061897810844e-10
2024-08-11 06:15:47.093058 | 	DMS_E3_all_(a)-esm2-3B:
2024-08-11 06:15:47.098122 | 		Spearman r = 0.21115063891131367, P = 4.456558612265326e-50
2024-08-11 06:15:47.098138 | 	DMS_E3_all_(a)-DeepSequence:
2024-08-11 06:15:47.103607 | 		Spearman r = 0.19199852455767094, P = 1.4980559661463966e-41
2024-08-11 06:15:47.103625 | 	DMS_Y2H_high_(a)-esm2-3B:
2024-08-11 06:15:47.107209 | 		Spearman r = 0.13553472885137655, P = 3.8621554882072736e-07
2024-08-11 06:15:47.107224 | 	DMS_Y2H_high_(a)-DeepSequence:
2024-08-11 06:15:47.111330 | 		Spearman r = 0.19708795755683434, P = 1.1752861690789232e-13
2024-08-11 06:15:47.111364 | 	DMS_E3_high_(a)-esm2-3B:
2024-08-11 06:15:47.115440 | 		Spearman r = 0.42606181303235713, P = 3.641460204266441e-132
2024-08-11 06:15:47.115456 | 	DMS_E3_high_(a)-DeepSequence:
2024-08-11 06:15:47.120160 | 		Spearman r = 0.2867304570386528, P = 1.0979344439677105e-57
2024-08-11 06:15:47.120178 | 	DMS_(b)-esm2-3B:
2024-08-11 06:15:47.123986 | 		Spearman r = 0.4189812976639247, P = 5.3677064743167984e-79
2024-08-11 06:15:47.124002 | 	DMS_(b)-DeepSequence:
2024-08-11 06:15:47.127868 | 		Spearman r = 0.4047869009745998, P = 4.423167824654717e-24
2024-08-11 06:22:39.420858 | Results for data/dms/dms_calm1.csv:
2024-08-11 06:22:39.420902 | 	DMS-esm2-3B:
2024-08-11 06:22:39.423421 | 		Spearman r = 0.1518295118130388, P = 8.136958220588996e-11
2024-08-11 06:22:39.423440 | 	DMS-DeepSequence:
2024-08-11 06:22:39.425931 | 		Spearman r = 0.2330033047345174, P = 8.914752022358896e-24
2024-08-11 06:22:39.425948 | 	DMS_flipped-esm2-3B:
2024-08-11 06:22:39.428179 | 		Spearman r = 0.19527853091145836, P = 4.861699777701755e-17
2024-08-11 06:22:39.428195 | 	DMS_flipped-DeepSequence:
2024-08-11 06:22:39.430513 | 		Spearman r = 0.3062765620647369, P = 1.1183901491415715e-40
2024-08-11 12:58:49.126858 | Results for data/dms/dms_cas9.csv:
2024-08-11 12:58:49.126911 | 	DMS_positive-esm2-3B:
2024-08-11 12:58:49.130847 | 		Spearman r = 0.2791799103235419, P = 2.3838687762919034e-43
2024-08-11 12:58:49.130869 | 	DMS_positive-DeepSequence:
2024-08-11 12:58:49.134645 | 		Spearman r = 0.22851529628747885, P = 3.1452919781422375e-29
2024-08-11 12:58:49.134665 | 	DMS_negative-esm2-3B:
2024-08-11 12:58:49.138263 | 		Spearman r = 0.013409364889352744, P = 0.515779550567158
2024-08-11 12:58:49.138281 | 	DMS_negative-DeepSequence:
2024-08-11 12:58:49.141928 | 		Spearman r = 0.004848793568882744, P = 0.8142239894810064
2024-08-11 13:01:42.874409 | Results for data/dms/dms_ccdb.csv:
2024-08-11 13:01:42.874449 | 	DMS-esm2-3B:
2024-08-11 13:01:42.876622 | 		Spearman r = -0.41079859690971426, P = 4.2892832474740634e-49
2024-08-11 13:01:42.876655 | 	DMS-DeepSequence:
2024-08-11 13:01:42.878698 | 		Spearman r = -0.39935197001268213, P = 2.970528636274949e-46
2024-08-11 15:30:53.530157 | Results for data/dms/dms_env.csv:
2024-08-11 15:30:53.530225 | 	DMS-esm2-3B:
2024-08-11 15:30:53.542269 | 		Spearman r = 0.05161427385410761, P = 4.708025147510656e-09
2024-08-11 15:30:53.542290 | 	DMS-DeepSequence:
2024-08-11 15:30:53.553912 | 		Spearman r = 0.1364977788639145, P = 1.536058038113284e-54
2024-08-11 18:06:10.431550 | Results for data/dms/dms_gal4.csv:
2024-08-11 18:06:10.431623 | 	DMS_nonsel_24-esm2-3B:
2024-08-11 18:06:10.434549 | 		Spearman r = -0.4156689775122796, P = 3.650995771150053e-51
2024-08-11 18:06:10.434567 | 	DMS_nonsel_24-DeepSequence:
2024-08-11 18:06:10.437329 | 		Spearman r = -0.3979461745420211, P = 1.1526528473140733e-46
2024-08-11 18:06:10.437349 | 	DMS_selA_24-esm2-3B:
2024-08-11 18:06:10.439854 | 		Spearman r = 0.6287006400848401, P = 1.4418942893356686e-132
2024-08-11 18:06:10.439870 | 	DMS_selA_24-DeepSequence:
2024-08-11 18:06:10.442470 | 		Spearman r = 0.5077841116273563, P = 2.197956283330219e-79
2024-08-11 18:06:10.442489 | 	DMS_selA_40-esm2-3B:
2024-08-11 18:06:10.445005 | 		Spearman r = 0.621538425063793, P = 9.437978540754254e-129
2024-08-11 18:06:10.445022 | 	DMS_selA_40-DeepSequence:
2024-08-11 18:06:10.447533 | 		Spearman r = 0.4989766996660709, P = 2.684745377616402e-76
2024-08-11 18:06:10.447550 | 	DMS_selB_40-esm2-3B:
2024-08-11 18:06:10.450197 | 		Spearman r = 0.6106318489673471, P = 3.9711226366466195e-123
2024-08-11 18:06:10.450213 | 	DMS_selB_40-DeepSequence:
2024-08-11 18:06:10.452827 | 		Spearman r = 0.5227932922761602, P = 7.38773187763028e-85
2024-08-11 18:06:10.452844 | 	DMS_selC_40-esm2-3B:
2024-08-11 18:06:10.455329 | 		Spearman r = 0.6055638294697784, P = 1.37510194358729e-120
2024-08-11 18:06:10.455345 | 	DMS_selC_40-DeepSequence:
2024-08-11 18:06:10.457945 | 		Spearman r = 0.5244389442358764, P = 1.7846031315575084e-85
2024-08-11 18:06:10.457962 | 	DMS_selC_64-esm2-3B:
2024-08-11 18:06:10.460427 | 		Spearman r = 0.5787774525803882, P = 6.778525737094113e-108
2024-08-11 18:06:10.460442 | 	DMS_selC_64-DeepSequence:
2024-08-11 18:06:10.463009 | 		Spearman r = 0.494098640620667, P = 1.2593633517964003e-74
2024-08-11 18:14:21.387614 | Results for data/dms/dms_gmr.csv:
2024-08-11 18:14:21.387687 | 	DMS_37C-esm2-3B:
2024-08-11 18:14:21.390197 | 		Spearman r = 0.4592142170972578, P = 3.127083085152712e-101
2024-08-11 18:14:21.390216 | 	DMS_37C-DeepSequence:
2024-08-11 18:14:21.392508 | 		Spearman r = 0.5518404077970945, P = 3.578146801608473e-154
2024-08-11 18:14:21.392526 | 	DMS_30C-esm2-3B:
2024-08-11 18:14:21.394610 | 		Spearman r = 0.4150384268857081, P = 6.341487875717535e-76
2024-08-11 18:14:21.394626 | 	DMS_30C-DeepSequence:
2024-08-11 18:14:21.396771 | 		Spearman r = 0.502111208669019, P = 1.221594736391909e-115
2024-08-11 18:14:21.396789 | 	DMS_42C-esm2-3B:
2024-08-11 18:14:21.398658 | 		Spearman r = 0.3862195501794148, P = 1.2538051312431152e-48
2024-08-11 18:14:21.398674 | 	DMS_42C-DeepSequence:
2024-08-11 18:14:21.400644 | 		Spearman r = 0.488492283294406, P = 8.18894092756872e-81
2024-08-11 18:14:21.400662 | 	DMS_37C_TMAO-esm2-3B:
2024-08-11 18:14:21.402758 | 		Spearman r = 0.450560325553173, P = 2.170623080132876e-95
2024-08-11 18:14:21.402774 | 	DMS_37C_TMAO-DeepSequence:
2024-08-11 18:14:21.405018 | 		Spearman r = 0.5354602416459431, P = 4.4257688340098606e-141
2024-08-11 18:14:21.405036 | 	DMS_37C_glycerol-esm2-3B:
2024-08-11 18:14:21.407146 | 		Spearman r = 0.3827385684467515, P = 5.4831719858970214e-70
2024-08-11 18:14:21.407162 | 	DMS_37C_glycerol-DeepSequence:
2024-08-11 18:14:21.409386 | 		Spearman r = 0.441954874963, P = 2.5618231516091494e-95
2024-08-11 18:14:21.409404 | 	DMS_42C_TMAO-esm2-3B:
2024-08-11 18:14:21.411281 | 		Spearman r = 0.4007378309264282, P = 1.9965282502478618e-58
2024-08-11 18:14:21.411297 | 	DMS_42C_TMAO-DeepSequence:
2024-08-11 18:14:21.413297 | 		Spearman r = 0.49225575207087474, P = 1.5971627054010774e-91
2024-08-11 18:14:21.413316 | 	DMS_42C_glycerol-esm2-3B:
2024-08-11 18:14:21.415384 | 		Spearman r = 0.44995263838603716, P = 5.130176671848761e-88
2024-08-11 18:14:21.415400 | 	DMS_42C_glycerol-DeepSequence:
2024-08-11 18:14:21.417569 | 		Spearman r = 0.5455617274538593, P = 2.295479656878454e-136
2024-08-11 18:14:21.417587 | 	DMS_37C_Gm_25mug/mL-esm2-3B:
2024-08-11 18:14:21.419606 | 		Spearman r = 0.46593002138072304, P = 7.013592436106099e-93
2024-08-11 18:14:21.419621 | 	DMS_37C_Gm_25mug/mL-DeepSequence:
2024-08-11 18:14:21.421731 | 		Spearman r = 0.5528862800178228, P = 1.708655638819014e-137
2024-08-11 18:14:21.421749 | 	DMS_37C_TMAO_Gm_25mug/mL-esm2-3B:
2024-08-11 18:14:21.423752 | 		Spearman r = 0.4322983895371254, P = 5.395109801382041e-73
2024-08-11 18:14:21.423767 | 	DMS_37C_TMAO_Gm_25mug/mL-DeepSequence:
2024-08-11 18:14:21.425870 | 		Spearman r = 0.5244747022716602, P = 1.9241006857494792e-112
2024-08-11 18:14:21.425887 | 	DMS_37C_glycerol_Gm_25mug/mL-esm2-3B:
2024-08-11 18:14:21.428054 | 		Spearman r = 0.42950800137946826, P = 5.774123066880884e-88
2024-08-11 18:14:21.428070 | 	DMS_37C_glycerol_Gm_25mug/mL-DeepSequence:
2024-08-11 18:14:21.430250 | 		Spearman r = 0.5000288046295195, P = 2.5951041350811585e-123
2024-08-11 19:17:44.045897 | Results for data/dms/dms_ha_h1.csv:
2024-08-11 19:17:44.045951 | 	DMS-esm2-3B:
2024-08-11 19:17:44.055743 | 		Spearman r = 0.382291969925609, P = 0.0
2024-08-11 19:17:44.055764 | 	DMS-DeepSequence:
2024-08-11 19:17:44.065060 | 		Spearman r = 0.2715379436470719, P = 6.164522169310343e-178
2024-08-11 20:21:12.760024 | Results for data/dms/dms_ha_h3.csv:
2024-08-11 20:21:12.760073 | 	DMS-esm2-3B:
2024-08-11 20:21:12.762722 | 		Spearman r = 0.3826446191707566, P = 0.0
2024-08-11 20:21:12.762743 | 	DMS-DeepSequence:
2024-08-11 20:21:12.765243 | 		Spearman r = 0.26174259024142765, P = 5.912845139255462e-168
2024-08-11 20:45:09.171837 | Results for data/dms/dms_haeiiim.csv:
2024-08-11 20:45:09.171881 | 	DMS_G3-esm2-3B:
2024-08-11 20:45:09.177268 | 		Spearman r = 0.4609891002214013, P = 4.2317514193052096e-102
2024-08-11 20:45:09.177287 | 	DMS_G3-DeepSequence:
2024-08-11 20:45:09.182684 | 		Spearman r = 0.6414985237097386, P = 3.874119314799191e-224
2024-08-11 20:45:09.182703 | 	DMS_G7-esm2-3B:
2024-08-11 20:45:09.187845 | 		Spearman r = 0.4098203976592703, P = 5.108868656765591e-79
2024-08-11 20:45:09.187862 | 	DMS_G7-DeepSequence:
2024-08-11 20:45:09.193050 | 		Spearman r = 0.5683852644380207, P = 1.731039854018041e-165
2024-08-11 20:45:09.193068 | 	DMS_G17-esm2-3B:
2024-08-11 20:45:09.198079 | 		Spearman r = 0.4945309064742932, P = 1.6209942230430633e-119
2024-08-11 20:45:09.198095 | 	DMS_G17-DeepSequence:
2024-08-11 20:45:09.203194 | 		Spearman r = 0.6535582129318239, P = 2.1125151804510994e-235
2024-08-11 20:53:57.317497 | Results for data/dms/dms_hras.csv:
2024-08-11 20:53:57.317544 | 	DMS_regulated-esm2-3B:
2024-08-11 20:53:57.321203 | 		Spearman r = 0.3938602157595215, P = 7.542570567577629e-117
2024-08-11 20:53:57.321222 | 	DMS_regulated-DeepSequence:
2024-08-11 20:53:57.324692 | 		Spearman r = 0.44617562240983905, P = 3.0371217251659067e-153
2024-08-11 20:53:57.324709 | 	DMS_attenuated-esm2-3B:
2024-08-11 20:53:57.327233 | 		Spearman r = 0.10233836929488792, P = 9.310569542743613e-09
2024-08-11 20:53:57.327249 | 	DMS_attenuated-DeepSequence:
2024-08-11 20:53:57.329855 | 		Spearman r = 0.09480690806259634, P = 1.0479560428403852e-07
2024-08-11 20:53:57.329873 | 	DMS_unregulated-esm2-3B:
2024-08-11 20:53:57.332316 | 		Spearman r = 0.37754995132619756, P = 8.963996507661602e-107
2024-08-11 20:53:57.332332 | 	DMS_unregulated-DeepSequence:
2024-08-11 20:53:57.334835 | 		Spearman r = 0.4485160951477809, P = 5.0024730346647555e-155
2024-08-11 20:53:57.334853 | 	DMS_g12v-esm2-3B:
2024-08-11 20:53:57.337305 | 		Spearman r = 0.38933634903019804, P = 5.364882118122262e-114
2024-08-11 20:53:57.337322 | 	DMS_g12v-DeepSequence:
2024-08-11 20:53:57.339845 | 		Spearman r = 0.4438699613185293, P = 1.6811402510481535e-151
2024-08-11 22:41:14.268202 | Results for data/dms/dms_hsp82.csv:
2024-08-11 22:41:14.268253 | 	DMS-esm2-3B:
2024-08-11 22:41:14.272399 | 		Spearman r = 0.37674480053480053, P = 6.448467074183847e-146
2024-08-11 22:41:14.272419 | 	DMS-DeepSequence:
2024-08-11 22:41:14.276390 | 		Spearman r = 0.4941006193275128, P = 4.431885852908027e-265
2024-08-11 22:43:04.684265 | Results for data/dms/dms_infa.csv:
2024-08-11 22:43:04.684306 | 	DMS_min-esm2-3B:
2024-08-11 22:43:04.685259 | 		Spearman r = 0.44703433350588523, P = 3.568002211148583e-68
2024-08-11 22:43:04.685277 | 	DMS_min-DeepSequence:
2024-08-11 22:43:04.686180 | 		Spearman r = 0.5307814630161093, P = 2.840276824489343e-100
2024-08-11 22:43:04.686197 | 	DMS_rich-esm2-3B:
2024-08-11 22:43:04.686898 | 		Spearman r = 0.44703433350588523, P = 3.568002211148583e-68
2024-08-11 22:43:04.686914 | 	DMS_rich-DeepSequence:
2024-08-11 22:43:04.687670 | 		Spearman r = 0.5307814630161093, P = 2.840276824489343e-100
2024-08-11 23:09:44.722378 | Results for data/dms/dms_mapk1.csv:
2024-08-11 23:09:44.722426 | 	DMS_DOX-esm2-3B:
2024-08-11 23:09:44.726945 | 		Spearman r = -0.49261503004841245, P = 0.0
2024-08-11 23:09:44.726966 | 	DMS_DOX-DeepSequence:
2024-08-11 23:09:44.731065 | 		Spearman r = -0.524514722370891, P = 0.0
2024-08-11 23:09:44.731085 | 	DMS_SCH-esm2-3B:
2024-08-11 23:09:44.735210 | 		Spearman r = 0.13576396391202347, P = 2.2209077732723182e-29
2024-08-11 23:09:44.735226 | 	DMS_SCH-DeepSequence:
2024-08-11 23:09:44.739190 | 		Spearman r = 0.08739474498220408, P = 5.027470327273498e-13
2024-08-11 23:09:44.739208 | 	DMS_VRT-esm2-3B:
2024-08-11 23:09:44.743239 | 		Spearman r = 0.2155972737823477, P = 1.9308476246709324e-72
2024-08-11 23:09:44.743255 | 	DMS_VRT-DeepSequence:
2024-08-11 23:09:44.747343 | 		Spearman r = 0.19226655810441598, P = 1.0358117677458512e-57
2024-08-11 23:43:12.383428 | Results for data/dms/dms_p53.csv:
2024-08-11 23:43:12.383478 | 	DMS_WT_Nutlin-esm2-3B:
2024-08-11 23:43:12.388278 | 		Spearman r = -0.3812808509664809, P = 2.4251804486542085e-256
2024-08-11 23:43:12.388298 | 	DMS_WT_Nutlin-DeepSequence:
2024-08-11 23:43:12.392810 | 		Spearman r = -0.3964885512825907, P = 6.819476268696585e-279
2024-08-11 23:43:12.392830 | 	DMS_null_Nutlin-esm2-3B:
2024-08-11 23:43:12.397284 | 		Spearman r = -0.39458344773232124, P = 5.303101462975132e-276
2024-08-11 23:43:12.397301 | 	DMS_null_Nutlin-DeepSequence:
2024-08-11 23:43:12.401719 | 		Spearman r = -0.32184512921424985, P = 4.472343172720859e-179
2024-08-11 23:43:12.401738 | 	DMS_null_etoposide-esm2-3B:
2024-08-11 23:43:12.406227 | 		Spearman r = 0.41603311005271104, P = 1.13818978597107e-309
2024-08-11 23:43:12.406243 | 	DMS_null_etoposide-DeepSequence:
2024-08-11 23:43:12.410710 | 		Spearman r = 0.39916046455733617, P = 5.587358101232554e-283
2024-08-12 00:52:05.073328 | Results for data/dms/dms_pab1.csv:
2024-08-12 00:52:05.073376 | 	DMS-esm2-3B:
2024-08-12 00:52:05.076058 | 		Spearman r = 0.5202522363843043, P = 2.710168388802127e-83
2024-08-12 00:52:05.076078 | 	DMS-DeepSequence:
2024-08-12 00:52:05.078636 | 		Spearman r = 0.646482582897206, P = 1.9835289912584704e-141
2024-08-12 01:26:35.117722 | Results for data/dms/dms_pten.csv:
2024-08-12 01:26:35.117772 | 	DMS_(a)-esm2-3B:
2024-08-12 01:26:35.121206 | 		Spearman r = 0.28440565517679434, P = 2.308773152636545e-77
2024-08-12 01:26:35.121226 | 	DMS_(a)-DeepSequence:
2024-08-12 01:26:35.124465 | 		Spearman r = 0.4138912237146598, P = 5.994125076026103e-170
2024-08-12 01:26:35.124483 | 	DMS_(b)-esm2-3B:
2024-08-12 01:26:35.129244 | 		Spearman r = 0.3405384069455398, P = 1.4929898310119298e-196
2024-08-12 01:26:35.129262 | 	DMS_(b)-DeepSequence:
2024-08-12 01:26:35.134019 | 		Spearman r = 0.5104705911027728, P = 0.0
2024-08-12 01:26:35.134038 | 	DMS_highqual_(b)-esm2-3B:
2024-08-12 01:26:35.138062 | 		Spearman r = 0.3600824685989842, P = 3.605728764251909e-200
2024-08-12 01:26:35.138078 | 	DMS_highqual_(b)-DeepSequence:
2024-08-12 01:26:35.142147 | 		Spearman r = 0.5559132663038404, P = 0.0
2024-08-12 01:29:28.407602 | Results for data/dms/dms_sumo1.csv:
2024-08-12 01:29:28.407647 | 	DMS-esm2-3B:
2024-08-12 01:29:28.409839 | 		Spearman r = 0.3200397174979686, P = 8.637434782535573e-42
2024-08-12 01:29:28.409857 | 	DMS-DeepSequence:
2024-08-12 01:29:28.411885 | 		Spearman r = 0.5337810656274805, P = 8.032294451579581e-126
2024-08-12 01:29:28.411902 | 	DMS_flipped-esm2-3B:
2024-08-12 01:29:28.413731 | 		Spearman r = 0.31973126878549907, P = 1.041967365864655e-41
2024-08-12 01:29:28.413747 | 	DMS_flipped-DeepSequence:
2024-08-12 01:29:28.415638 | 		Spearman r = 0.5362040259610918, P = 3.6615327903771633e-127
2024-08-12 01:44:45.993637 | Results for data/dms/dms_tpk1.csv:
2024-08-12 01:44:45.993681 | 	DMS-esm2-3B:
2024-08-12 01:44:45.996812 | 		Spearman r = 0.3210340160511114, P = 3.616230581250435e-77
2024-08-12 01:44:45.996831 | 	DMS-DeepSequence:
2024-08-12 01:44:45.999797 | 		Spearman r = 0.24280099811590772, P = 6.59230518635381e-44
2024-08-12 01:44:45.999815 | 	DMS_flipped-esm2-3B:
2024-08-12 01:44:46.002587 | 		Spearman r = 0.33314571676467297, P = 2.61340279394186e-83
2024-08-12 01:44:46.002603 | 	DMS_flipped-DeepSequence:
2024-08-12 01:44:46.005531 | 		Spearman r = 0.2564580220213769, P = 5.9652162548650945e-49
2024-08-12 02:00:13.210828 | Results for data/dms/dms_tpmt.csv:
2024-08-12 02:00:13.210874 | 	DMS-esm2-3B:
2024-08-12 02:00:13.214074 | 		Spearman r = 0.4206153295507238, P = 4.113673037356714e-158
2024-08-12 02:00:13.214094 | 	DMS-DeepSequence:
2024-08-12 02:00:13.217086 | 		Spearman r = 0.4834839985341243, P = 1.835353754713478e-215
2024-08-12 02:07:29.711797 | Results for data/dms/dms_ube2i.csv:
2024-08-12 02:07:29.711841 | 	DMS-esm2-3B:
2024-08-12 02:07:29.714389 | 		Spearman r = 0.4303075949129315, P = 4.8769188687316504e-116
2024-08-12 02:07:29.714407 | 	DMS-DeepSequence:
2024-08-12 02:07:29.716847 | 		Spearman r = 0.5032009533628997, P = 1.3342316719484786e-164
2024-08-12 02:07:29.716864 | 	DMS_flipped-esm2-3B:
2024-08-12 02:07:29.719093 | 		Spearman r = 0.4340343766000806, P = 3.03126766160323e-118
2024-08-12 02:07:29.719109 | 	DMS_flipped-DeepSequence:
2024-08-12 02:07:29.721520 | 		Spearman r = 0.5234873675079789, P = 2.3866498382839045e-180
2024-08-12 02:36:16.868059 | Results for data/dms/dms_ubi4.csv:
2024-08-12 02:36:16.868102 | 	DMS_(a)-esm2-3B:
2024-08-12 02:36:16.870425 | 		Spearman r = 0.18128254797447585, P = 2.745116063747107e-10
2024-08-12 02:36:16.870444 | 	DMS_(a)-DeepSequence:
2024-08-12 02:36:16.872602 | 		Spearman r = 0.07270297274986905, P = 0.011938746759664305
2024-08-12 02:36:16.872621 | 	DMS_excess_(a)-esm2-3B:
2024-08-12 02:36:16.874292 | 		Spearman r = 0.008558368808685442, P = 0.8754310963294927
2024-08-12 02:36:16.874309 | 	DMS_excess_(a)-DeepSequence:
2024-08-12 02:36:16.876044 | 		Spearman r = 0.010365479127409668, P = 0.8494140150138807
2024-08-12 02:36:16.876062 | 	DMS_limiting_(b)-esm2-3B:
2024-08-12 02:36:16.878119 | 		Spearman r = 0.19951315920117854, P = 7.421261209386452e-14
2024-08-12 02:36:16.878136 | 	DMS_limiting_(b)-DeepSequence:
2024-08-12 02:36:16.880157 | 		Spearman r = 0.1527675569083452, P = 1.1742149691927832e-08
Downloading: "https://dl.fbaipublicfiles.com/fair-esm/models/esm2_t36_3B_UR50D.pt" to /home/jdunnmon/.cache/torch/hub/checkpoints/esm2_t36_3B_UR50D.pt
Downloading: "https://dl.fbaipublicfiles.com/fair-esm/regression/esm2_t36_3B_UR50D-contact-regression.pt" to /home/jdunnmon/.cache/torch/hub/checkpoints/esm2_t36_3B_UR50D-contact-regression.pt
