2024-08-07 14:24:34.454026 | Results for data/dms/dms_adrb2.csv:
2024-08-07 14:24:34.454080 | 	DMS_0-esm2:
2024-08-07 14:24:34.459128 | 		Spearman r = 0.33132019446614386, P = 3.4559844866435094e-199
2024-08-07 14:24:34.459147 | 	DMS_0-DeepSequence:
2024-08-07 14:24:34.463804 | 		Spearman r = 0.391597764414569, P = 3.0389597487856813e-284
2024-08-07 14:24:34.463823 | 	DMS_0.15-esm2:
2024-08-07 14:24:34.468084 | 		Spearman r = 0.39013666468388286, P = 5.850675310954683e-282
2024-08-07 14:24:34.468100 | 	DMS_0.15-DeepSequence:
2024-08-07 14:24:34.472448 | 		Spearman r = 0.46271604889914103, P = 0.0
2024-08-07 14:24:34.472467 | 	DMS_0.625-esm2:
2024-08-07 14:24:34.476726 | 		Spearman r = 0.43901262212001724, P = 0.0
2024-08-07 14:24:34.476743 | 	DMS_0.625-DeepSequence:
2024-08-07 14:24:34.480985 | 		Spearman r = 0.5219299153708199, P = 0.0
2024-08-07 14:24:34.481003 | 	DMS_5-esm2:
2024-08-07 14:24:34.485230 | 		Spearman r = 0.42771536622499035, P = 0.0
2024-08-07 14:24:34.485247 | 	DMS_5-DeepSequence:
2024-08-07 14:24:34.489589 | 		Spearman r = 0.446730164694329, P = 0.0
2024-08-07 14:30:10.167799 | Results for data/dms/dms_bla.csv:
2024-08-07 14:30:10.167842 | 	DMS_(a)-esm2:
2024-08-07 14:30:10.169706 | 		Spearman r = 0.7827197447432751, P = 5.123378892438199e-15
2024-08-07 14:30:10.169725 | 	DMS_(a)-DeepSequence:
2024-08-07 14:30:10.171457 | 		Spearman r = -0.31834780012324, P = 0.008653765888684831
2024-08-07 14:30:10.171477 | 	DMS_amp_0_(b)-esm2:
2024-08-07 14:30:10.174809 | 		Spearman r = 0.13572471096748992, P = 6.700615023015889e-22
2024-08-07 14:30:10.174825 | 	DMS_amp_0_(b)-DeepSequence:
2024-08-07 14:30:10.178189 | 		Spearman r = 0.1495877145087174, P = 2.64173825911884e-26
2024-08-07 14:30:10.178206 | 	DMS_amp_10_(b)-esm2:
2024-08-07 14:30:10.182162 | 		Spearman r = 0.09860035880951089, P = 5.5147059239716955e-12
2024-08-07 14:30:10.182178 | 	DMS_amp_10_(b)-DeepSequence:
2024-08-07 14:30:10.186188 | 		Spearman r = 0.09991812464665394, P = 2.8644213540126883e-12
2024-08-07 14:30:10.186205 | 	DMS_amp_39_(b)-esm2:
2024-08-07 14:30:10.189569 | 		Spearman r = 0.26945446025724085, P = 1.4988592637063917e-83
2024-08-07 14:30:10.189584 | 	DMS_amp_39_(b)-DeepSequence:
2024-08-07 14:30:10.192903 | 		Spearman r = 0.27085003986887574, P = 1.9707351833712756e-84
2024-08-07 14:30:10.192920 | 	DMS_amp_156_(b)-esm2:
2024-08-07 14:30:10.196246 | 		Spearman r = 0.422278373026352, P = 1.618523826321373e-214
2024-08-07 14:30:10.196262 | 	DMS_amp_156_(b)-DeepSequence:
2024-08-07 14:30:10.199545 | 		Spearman r = 0.4383963273209944, P = 6.234549196213311e-233
2024-08-07 14:30:10.199563 | 	DMS_amp_625_(b)-esm2:
2024-08-07 14:30:10.202897 | 		Spearman r = 0.5412715491535158, P = 0.0
2024-08-07 14:30:10.202914 | 	DMS_amp_625_(b)-DeepSequence:
2024-08-07 14:30:10.206390 | 		Spearman r = 0.616494865136829, P = 0.0
2024-08-07 14:30:10.206408 | 	DMS_amp_2500_(b)-esm2:
2024-08-07 14:30:10.209832 | 		Spearman r = 0.6516403385292586, P = 0.0
2024-08-07 14:30:10.209860 | 	DMS_amp_2500_(b)-DeepSequence:
2024-08-07 14:30:10.213195 | 		Spearman r = 0.7532877726948102, P = 0.0
2024-08-07 14:30:10.213214 | 	DMS_cefo_0.2_(b)-esm2:
2024-08-07 14:30:10.216475 | 		Spearman r = -0.10017733446472109, P = 1.3999455259327846e-12
2024-08-07 14:30:10.216491 | 	DMS_cefo_0.2_(b)-DeepSequence:
2024-08-07 14:30:10.219788 | 		Spearman r = -0.06479001941522407, P = 4.764129280720241e-06
2024-08-07 14:30:10.219806 | 	DMS_M182T_(c)-esm2:
2024-08-07 14:30:10.221580 | 		Spearman r = 0.4265983245542418, P = 4.084206748023216e-10
2024-08-07 14:30:10.221596 | 	DMS_M182T_(c)-DeepSequence:
2024-08-07 14:30:10.223355 | 		Spearman r = 0.41229452706345804, P = 1.7449137506975667e-09
2024-08-07 14:30:10.223373 | 	DMS_WT_(c)-esm2:
2024-08-07 14:30:10.226320 | 		Spearman r = 0.6430981231280285, P = 1.2372183248511733e-116
2024-08-07 14:30:10.226335 | 	DMS_WT_(c)-DeepSequence:
2024-08-07 14:30:10.229266 | 		Spearman r = 0.7326302087327433, P = 2.8404642983707466e-167
2024-08-07 14:30:10.229284 | 	DMS_(d)-esm2:
2024-08-07 14:30:10.245550 | 		Spearman r = -0.6368354229299505, P = 0.0
2024-08-07 14:30:10.245568 | 	DMS_(d)-DeepSequence:
2024-08-07 14:30:10.262056 | 		Spearman r = -0.7162613994222705, P = 0.0
2024-08-07 19:33:22.882576 | Results for data/dms/dms_brca1.csv:
2024-08-07 19:33:22.882649 | 	DMS_Y2H_all_(a)-esm2:
2024-08-07 19:33:22.886932 | 		Spearman r = 0.12741016216417136, P = 9.047278129785389e-08
2024-08-07 19:33:22.886951 | 	DMS_Y2H_all_(a)-DeepSequence:
2024-08-07 19:33:22.891499 | 		Spearman r = 0.1458854650028293, P = 8.911061897810844e-10
2024-08-07 19:33:22.891518 | 	DMS_E3_all_(a)-esm2:
2024-08-07 19:33:22.896667 | 		Spearman r = 0.20637220302653578, P = 7.211847778051085e-48
2024-08-07 19:33:22.896689 | 	DMS_E3_all_(a)-DeepSequence:
2024-08-07 19:33:22.902400 | 		Spearman r = 0.19199852455767094, P = 1.4980559661463966e-41
2024-08-07 19:33:22.902418 | 	DMS_Y2H_high_(a)-esm2:
2024-08-07 19:33:22.906110 | 		Spearman r = 0.15342485892221355, P = 8.759129234756815e-09
2024-08-07 19:33:22.906126 | 	DMS_Y2H_high_(a)-DeepSequence:
2024-08-07 19:33:22.910372 | 		Spearman r = 0.19708795755683434, P = 1.1752861690789232e-13
2024-08-07 19:33:22.910390 | 	DMS_E3_high_(a)-esm2:
2024-08-07 19:33:22.914621 | 		Spearman r = 0.41832858718303767, P = 5.310694427993797e-127
2024-08-07 19:33:22.914637 | 	DMS_E3_high_(a)-DeepSequence:
2024-08-07 19:33:22.919545 | 		Spearman r = 0.2867304570386528, P = 1.0979344439677105e-57
2024-08-07 19:33:22.919563 | 	DMS_(b)-esm2:
2024-08-07 19:33:22.923354 | 		Spearman r = 0.476706732125294, P = 7.364835185783716e-105
2024-08-07 19:33:22.923370 | 	DMS_(b)-DeepSequence:
2024-08-07 19:33:22.927317 | 		Spearman r = 0.4047869009745998, P = 4.423167824654717e-24
2024-08-07 19:35:04.843109 | Results for data/dms/dms_calm1.csv:
2024-08-07 19:35:04.843175 | 	DMS-esm2:
2024-08-07 19:35:04.845836 | 		Spearman r = 0.18078153559049642, P = 8.748488592035201e-15
2024-08-07 19:35:04.845865 | 	DMS-DeepSequence:
2024-08-07 19:35:04.848295 | 		Spearman r = 0.2330033047345174, P = 8.914752022358896e-24
2024-08-07 19:35:04.848312 | 	DMS_flipped-esm2:
2024-08-07 19:35:04.850621 | 		Spearman r = 0.22028784419103328, P = 2.3092258537506675e-21
2024-08-07 19:35:04.850637 | 	DMS_flipped-DeepSequence:
2024-08-07 19:35:04.853006 | 		Spearman r = 0.3062765620647369, P = 1.1183901491415715e-40
2024-08-07 22:01:50.897838 | Results for data/dms/dms_cas9.csv:
2024-08-07 22:01:50.897917 | 	DMS_positive-esm2:
2024-08-07 22:01:50.902071 | 		Spearman r = 0.27000474294897286, P = 1.4843045353054776e-40
2024-08-07 22:01:50.902095 | 	DMS_positive-DeepSequence:
2024-08-07 22:01:50.906141 | 		Spearman r = 0.22851529628747885, P = 3.1452919781422375e-29
2024-08-07 22:01:50.906163 | 	DMS_negative-esm2:
2024-08-07 22:01:50.909980 | 		Spearman r = 0.006790497868995265, P = 0.742094978824326
2024-08-07 22:01:50.909999 | 	DMS_negative-DeepSequence:
2024-08-07 22:01:50.913919 | 		Spearman r = 0.004848793568882744, P = 0.8142239894810064
2024-08-07 22:02:45.160246 | Results for data/dms/dms_ccdb.csv:
2024-08-07 22:02:45.160291 | 	DMS-esm2:
2024-08-07 22:02:45.162514 | 		Spearman r = -0.36904211725445213, P = 2.982018736900152e-39
2024-08-07 22:02:45.162533 | 	DMS-DeepSequence:
2024-08-07 22:02:45.164605 | 		Spearman r = -0.39935197001268213, P = 2.970528636274949e-46
2024-08-07 22:52:02.760565 | Results for data/dms/dms_env.csv:
2024-08-07 22:52:02.760622 | 	DMS-esm2:
2024-08-07 22:52:02.772574 | 		Spearman r = 0.03469814017159962, P = 8.281714543681104e-05
2024-08-07 22:52:02.772595 | 	DMS-DeepSequence:
2024-08-07 22:52:02.784297 | 		Spearman r = 0.1364977788639145, P = 1.536058038113284e-54
2024-08-07 23:43:23.587202 | Results for data/dms/dms_gal4.csv:
2024-08-07 23:43:23.587272 | 	DMS_nonsel_24-esm2:
2024-08-07 23:43:23.590288 | 		Spearman r = -0.4444550945800431, P = 4.515597198152736e-59
2024-08-07 23:43:23.590307 | 	DMS_nonsel_24-DeepSequence:
2024-08-07 23:43:23.593131 | 		Spearman r = -0.3979461745420211, P = 1.1526528473140733e-46
2024-08-07 23:43:23.593150 | 	DMS_selA_24-esm2:
2024-08-07 23:43:23.595634 | 		Spearman r = 0.6449981392658259, P = 1.2351406367953354e-141
2024-08-07 23:43:23.595652 | 	DMS_selA_24-DeepSequence:
2024-08-07 23:43:23.598272 | 		Spearman r = 0.5077841116273563, P = 2.197956283330219e-79
2024-08-07 23:43:23.598290 | 	DMS_selA_40-esm2:
2024-08-07 23:43:23.600928 | 		Spearman r = 0.6392582048451757, P = 2.227984702606709e-138
2024-08-07 23:43:23.600945 | 	DMS_selA_40-DeepSequence:
2024-08-07 23:43:23.603427 | 		Spearman r = 0.4989766996660709, P = 2.684745377616402e-76
2024-08-07 23:43:23.603443 | 	DMS_selB_40-esm2:
2024-08-07 23:43:23.606036 | 		Spearman r = 0.6283208147301855, P = 2.3110797860911236e-132
2024-08-07 23:43:23.606051 | 	DMS_selB_40-DeepSequence:
2024-08-07 23:43:23.608652 | 		Spearman r = 0.5227932922761602, P = 7.38773187763028e-85
2024-08-07 23:43:23.608670 | 	DMS_selC_40-esm2:
2024-08-07 23:43:23.611190 | 		Spearman r = 0.6233670415795562, P = 1.0234252927005782e-129
2024-08-07 23:43:23.611206 | 	DMS_selC_40-DeepSequence:
2024-08-07 23:43:23.613883 | 		Spearman r = 0.5244389442358764, P = 1.7846031315575084e-85
2024-08-07 23:43:23.613900 | 	DMS_selC_64-esm2:
2024-08-07 23:43:23.616357 | 		Spearman r = 0.5981737624451833, P = 5.757791000114063e-117
2024-08-07 23:43:23.616372 | 	DMS_selC_64-DeepSequence:
2024-08-07 23:43:23.618941 | 		Spearman r = 0.494098640620667, P = 1.2593633517964003e-74
2024-08-07 23:45:27.600379 | Results for data/dms/dms_gmr.csv:
2024-08-07 23:45:27.600423 | 	DMS_37C-esm2:
2024-08-07 23:45:27.602911 | 		Spearman r = 0.4075572429004184, P = 4.365024452717738e-78
2024-08-07 23:45:27.602930 | 	DMS_37C-DeepSequence:
2024-08-07 23:45:27.605312 | 		Spearman r = 0.5518404077970945, P = 3.578146801608473e-154
2024-08-07 23:45:27.605331 | 	DMS_30C-esm2:
2024-08-07 23:45:27.607399 | 		Spearman r = 0.37049540363592115, P = 1.0592059090367972e-59
2024-08-07 23:45:27.607415 | 	DMS_30C-DeepSequence:
2024-08-07 23:45:27.609546 | 		Spearman r = 0.502111208669019, P = 1.221594736391909e-115
2024-08-07 23:45:27.609564 | 	DMS_42C-esm2:
2024-08-07 23:45:27.611448 | 		Spearman r = 0.3257680857837158, P = 2.6511589366833827e-34
2024-08-07 23:45:27.611463 | 	DMS_42C-DeepSequence:
2024-08-07 23:45:27.613446 | 		Spearman r = 0.488492283294406, P = 8.18894092756872e-81
2024-08-07 23:45:27.613464 | 	DMS_37C_TMAO-esm2:
2024-08-07 23:45:27.615582 | 		Spearman r = 0.404746515919111, P = 1.2936796977732806e-75
2024-08-07 23:45:27.615597 | 	DMS_37C_TMAO-DeepSequence:
2024-08-07 23:45:27.617978 | 		Spearman r = 0.5354602416459431, P = 4.4257688340098606e-141
2024-08-07 23:45:27.617996 | 	DMS_37C_glycerol-esm2:
2024-08-07 23:45:27.620160 | 		Spearman r = 0.34357181817983423, P = 7.021992412982985e-56
2024-08-07 23:45:27.620175 | 	DMS_37C_glycerol-DeepSequence:
2024-08-07 23:45:27.622418 | 		Spearman r = 0.441954874963, P = 2.5618231516091494e-95
2024-08-07 23:45:27.622435 | 	DMS_42C_TMAO-esm2:
2024-08-07 23:45:27.624345 | 		Spearman r = 0.34389782252958945, P = 1.6525834875138744e-42
2024-08-07 23:45:27.624361 | 	DMS_42C_TMAO-DeepSequence:
2024-08-07 23:45:27.626313 | 		Spearman r = 0.49225575207087474, P = 1.5971627054010774e-91
2024-08-07 23:45:27.626330 | 	DMS_42C_glycerol-esm2:
2024-08-07 23:45:27.628363 | 		Spearman r = 0.4133332103433206, P = 3.2376426539954925e-73
2024-08-07 23:45:27.628378 | 	DMS_42C_glycerol-DeepSequence:
2024-08-07 23:45:27.630529 | 		Spearman r = 0.5455617274538593, P = 2.295479656878454e-136
2024-08-07 23:45:27.630546 | 	DMS_37C_Gm_25mug/mL-esm2:
2024-08-07 23:45:27.632579 | 		Spearman r = 0.40357244030693706, P = 5.5365647079000015e-68
2024-08-07 23:45:27.632594 | 	DMS_37C_Gm_25mug/mL-DeepSequence:
2024-08-07 23:45:27.634664 | 		Spearman r = 0.5528862800178228, P = 1.708655638819014e-137
2024-08-07 23:45:27.634682 | 	DMS_37C_TMAO_Gm_25mug/mL-esm2:
2024-08-07 23:45:27.636687 | 		Spearman r = 0.36874419365549393, P = 4.1959145964163204e-52
2024-08-07 23:45:27.636702 | 	DMS_37C_TMAO_Gm_25mug/mL-DeepSequence:
2024-08-07 23:45:27.638752 | 		Spearman r = 0.5244747022716602, P = 1.9241006857494792e-112
2024-08-07 23:45:27.638769 | 	DMS_37C_glycerol_Gm_25mug/mL-esm2:
2024-08-07 23:45:27.640898 | 		Spearman r = 0.3825930377533774, P = 1.0872801853556066e-68
2024-08-07 23:45:27.640914 | 	DMS_37C_glycerol_Gm_25mug/mL-DeepSequence:
2024-08-07 23:45:27.643090 | 		Spearman r = 0.5000288046295195, P = 2.5951041350811585e-123
2024-08-08 00:05:56.717568 | Results for data/dms/dms_ha_h1.csv:
2024-08-08 00:05:56.717625 | 	DMS-esm2:
2024-08-08 00:05:56.727954 | 		Spearman r = 0.40030555619500974, P = 0.0
2024-08-08 00:05:56.727978 | 	DMS-DeepSequence:
2024-08-08 00:05:56.737674 | 		Spearman r = 0.2715379436470719, P = 6.164522169310343e-178
2024-08-08 00:26:36.771196 | Results for data/dms/dms_ha_h3.csv:
2024-08-08 00:26:36.771271 | 	DMS-esm2:
2024-08-08 00:26:36.774042 | 		Spearman r = 0.4150633359189781, P = 0.0
2024-08-08 00:26:36.774063 | 	DMS-DeepSequence:
2024-08-08 00:26:36.776522 | 		Spearman r = 0.26174259024142765, P = 5.912845139255462e-168
2024-08-08 00:33:49.353992 | Results for data/dms/dms_haeiiim.csv:
2024-08-08 00:33:49.354038 | 	DMS_G3-esm2:
2024-08-08 00:33:49.359625 | 		Spearman r = 0.42406239232206533, P = 4.7635986217194455e-85
2024-08-08 00:33:49.359645 | 	DMS_G3-DeepSequence:
2024-08-08 00:33:49.364970 | 		Spearman r = 0.6414985237097386, P = 3.874119314799191e-224
2024-08-08 00:33:49.364988 | 	DMS_G7-esm2:
2024-08-08 00:33:49.370105 | 		Spearman r = 0.3610149471465504, P = 1.8518935486712238e-60
2024-08-08 00:33:49.370121 | 	DMS_G7-DeepSequence:
2024-08-08 00:33:49.375405 | 		Spearman r = 0.5683852644380207, P = 1.731039854018041e-165
2024-08-08 00:33:49.375424 | 	DMS_G17-esm2:
2024-08-08 00:33:49.380832 | 		Spearman r = 0.4364676938281312, P = 1.5254040401104497e-90
2024-08-08 00:33:49.380849 | 	DMS_G17-DeepSequence:
2024-08-08 00:33:49.386071 | 		Spearman r = 0.6535582129318239, P = 2.1125151804510994e-235
2024-08-08 00:36:04.353731 | Results for data/dms/dms_hras.csv:
2024-08-08 00:36:04.353785 | 	DMS_regulated-esm2:
2024-08-08 00:36:04.357498 | 		Spearman r = 0.42929506486254637, P = 8.666044842891524e-141
2024-08-08 00:36:04.357519 | 	DMS_regulated-DeepSequence:
2024-08-08 00:36:04.361132 | 		Spearman r = 0.44617562240983905, P = 3.0371217251659067e-153
2024-08-08 00:36:04.361150 | 	DMS_attenuated-esm2:
2024-08-08 00:36:04.363632 | 		Spearman r = 0.12115277242825694, P = 1.0045384233654268e-11
2024-08-08 00:36:04.363649 | 	DMS_attenuated-DeepSequence:
2024-08-08 00:36:04.366215 | 		Spearman r = 0.09480690806259634, P = 1.0479560428403852e-07
2024-08-08 00:36:04.366233 | 	DMS_unregulated-esm2:
2024-08-08 00:36:04.368693 | 		Spearman r = 0.41188454879086017, P = 1.1535722719895878e-128
2024-08-08 00:36:04.368723 | 	DMS_unregulated-DeepSequence:
2024-08-08 00:36:04.371382 | 		Spearman r = 0.4485160951477809, P = 5.0024730346647555e-155
2024-08-08 00:36:04.371400 | 	DMS_g12v-esm2:
2024-08-08 00:36:04.373898 | 		Spearman r = 0.43896667845818393, P = 7.729029828129756e-148
2024-08-08 00:36:04.373914 | 	DMS_g12v-DeepSequence:
2024-08-08 00:36:04.376485 | 		Spearman r = 0.4438699613185293, P = 1.6811402510481535e-151
2024-08-08 01:09:32.217880 | Results for data/dms/dms_hsp82.csv:
2024-08-08 01:09:32.217952 | 	DMS-esm2:
2024-08-08 01:09:32.222235 | 		Spearman r = 0.36170746197610865, P = 7.89584435432596e-134
2024-08-08 01:09:32.222255 | 	DMS-DeepSequence:
2024-08-08 01:09:32.226317 | 		Spearman r = 0.4941006193275128, P = 4.431885852908027e-265
2024-08-08 01:10:01.968332 | Results for data/dms/dms_infa.csv:
2024-08-08 01:10:01.968379 | 	DMS_min-esm2:
2024-08-08 01:10:01.969341 | 		Spearman r = 0.4845344823978896, P = 1.889247994027779e-81
2024-08-08 01:10:01.969361 | 	DMS_min-DeepSequence:
2024-08-08 01:10:01.970275 | 		Spearman r = 0.5307814630161093, P = 2.840276824489343e-100
2024-08-08 01:10:01.970294 | 	DMS_rich-esm2:
2024-08-08 01:10:01.970990 | 		Spearman r = 0.4845344823978896, P = 1.889247994027779e-81
2024-08-08 01:10:01.971007 | 	DMS_rich-DeepSequence:
2024-08-08 01:10:01.971752 | 		Spearman r = 0.5307814630161093, P = 2.840276824489343e-100
2024-08-08 01:18:13.185563 | Results for data/dms/dms_mapk1.csv:
2024-08-08 01:18:13.185618 | 	DMS_DOX-esm2:
2024-08-08 01:18:13.190293 | 		Spearman r = -0.4741746957083145, P = 0.0
2024-08-08 01:18:13.190314 | 	DMS_DOX-DeepSequence:
2024-08-08 01:18:13.194530 | 		Spearman r = -0.524514722370891, P = 0.0
2024-08-08 01:18:13.194550 | 	DMS_SCH-esm2:
2024-08-08 01:18:13.198591 | 		Spearman r = 0.11301636911324348, P = 8.384507711517614e-21
2024-08-08 01:18:13.198607 | 	DMS_SCH-DeepSequence:
2024-08-08 01:18:13.202553 | 		Spearman r = 0.08739474498220408, P = 5.027470327273498e-13
2024-08-08 01:18:13.202571 | 	DMS_VRT-esm2:
2024-08-08 01:18:13.206587 | 		Spearman r = 0.20511327868117474, P = 1.3486528474250762e-65
2024-08-08 01:18:13.206603 | 	DMS_VRT-DeepSequence:
2024-08-08 01:18:13.210724 | 		Spearman r = 0.19226655810441598, P = 1.0358117677458512e-57
2024-08-08 01:28:00.029053 | Results for data/dms/dms_p53.csv:
2024-08-08 01:28:00.029112 | 	DMS_WT_Nutlin-esm2:
2024-08-08 01:28:00.033954 | 		Spearman r = -0.35083400345523846, P = 1.1275660638286536e-214
2024-08-08 01:28:00.033975 | 	DMS_WT_Nutlin-DeepSequence:
2024-08-08 01:28:00.038517 | 		Spearman r = -0.3964885512825907, P = 6.819476268696585e-279
2024-08-08 01:28:00.038536 | 	DMS_null_Nutlin-esm2:
2024-08-08 01:28:00.042808 | 		Spearman r = -0.37945091847795537, P = 1.043277236897314e-253
2024-08-08 01:28:00.042824 | 	DMS_null_Nutlin-DeepSequence:
2024-08-08 01:28:00.047242 | 		Spearman r = -0.32184512921424985, P = 4.472343172720859e-179
2024-08-08 01:28:00.047261 | 	DMS_null_etoposide-esm2:
2024-08-08 01:28:00.051455 | 		Spearman r = 0.39401811037543494, P = 3.7905485088687824e-275
2024-08-08 01:28:00.051470 | 	DMS_null_etoposide-DeepSequence:
2024-08-08 01:28:00.055730 | 		Spearman r = 0.39916046455733617, P = 5.587358101232554e-283
2024-08-08 01:50:10.586366 | Results for data/dms/dms_pab1.csv:
2024-08-08 01:50:10.586422 | 	DMS-esm2:
2024-08-08 01:50:10.589244 | 		Spearman r = 0.5553832104760497, P = 5.18638326636807e-97
2024-08-08 01:50:10.589265 | 	DMS-DeepSequence:
2024-08-08 01:50:10.591828 | 		Spearman r = 0.646482582897206, P = 1.9835289912584704e-141
2024-08-08 02:00:19.354348 | Results for data/dms/dms_pten.csv:
2024-08-08 02:00:19.354414 | 	DMS_(a)-esm2:
2024-08-08 02:00:19.358058 | 		Spearman r = 0.45715452793245764, P = 1.578305949341749e-211
2024-08-08 02:00:19.358078 | 	DMS_(a)-DeepSequence:
2024-08-08 02:00:19.361457 | 		Spearman r = 0.4138912237146598, P = 5.994125076026103e-170
2024-08-08 02:00:19.361477 | 	DMS_(b)-esm2:
2024-08-08 02:00:19.366468 | 		Spearman r = 0.5056403354683788, P = 0.0
2024-08-08 02:00:19.366486 | 	DMS_(b)-DeepSequence:
2024-08-08 02:00:19.371481 | 		Spearman r = 0.5104705911027728, P = 0.0
2024-08-08 02:00:19.371500 | 	DMS_highqual_(b)-esm2:
2024-08-08 02:00:19.375556 | 		Spearman r = 0.5470294306906103, P = 0.0
2024-08-08 02:00:19.375573 | 	DMS_highqual_(b)-DeepSequence:
2024-08-08 02:00:19.379709 | 		Spearman r = 0.5559132663038404, P = 0.0
2024-08-08 02:01:12.907632 | Results for data/dms/dms_sumo1.csv:
2024-08-08 02:01:12.907678 | 	DMS-esm2:
2024-08-08 02:01:12.909898 | 		Spearman r = 0.399683754826457, P = 3.22079134419149e-66
2024-08-08 02:01:12.909917 | 	DMS-DeepSequence:
2024-08-08 02:01:12.911966 | 		Spearman r = 0.5337810656274805, P = 8.032294451579581e-126
2024-08-08 02:01:12.911984 | 	DMS_flipped-esm2:
2024-08-08 02:01:12.913855 | 		Spearman r = 0.4005816570300869, P = 1.5543358489450804e-66
2024-08-08 02:01:12.913871 | 	DMS_flipped-DeepSequence:
2024-08-08 02:01:12.915822 | 		Spearman r = 0.5362040259610918, P = 3.6615327903771633e-127
2024-08-08 02:04:55.108161 | Results for data/dms/dms_tpk1.csv:
2024-08-08 02:04:55.108211 | 	DMS-esm2:
2024-08-08 02:04:55.111302 | 		Spearman r = 0.310015125431062, P = 8.022232113823604e-72
2024-08-08 02:04:55.111321 | 	DMS-DeepSequence:
2024-08-08 02:04:55.114376 | 		Spearman r = 0.24280099811590772, P = 6.59230518635381e-44
2024-08-08 02:04:55.114394 | 	DMS_flipped-esm2:
2024-08-08 02:04:55.117221 | 		Spearman r = 0.3253245516869089, P = 2.5993053392557727e-79
2024-08-08 02:04:55.117238 | 	DMS_flipped-DeepSequence:
2024-08-08 02:04:55.120067 | 		Spearman r = 0.2564580220213769, P = 5.9652162548650945e-49
2024-08-08 02:08:41.117369 | Results for data/dms/dms_tpmt.csv:
2024-08-08 02:08:41.117419 | 	DMS-esm2:
2024-08-08 02:08:41.120541 | 		Spearman r = 0.49417114256916717, P = 1.828136554085274e-226
2024-08-08 02:08:41.120561 | 	DMS-DeepSequence:
2024-08-08 02:08:41.123572 | 		Spearman r = 0.4834839985341243, P = 1.835353754713478e-215
2024-08-08 02:10:27.855720 | Results for data/dms/dms_ube2i.csv:
2024-08-08 02:10:27.855772 | 	DMS-esm2:
2024-08-08 02:10:27.858463 | 		Spearman r = 0.375693879982601, P = 1.0130299754784638e-86
2024-08-08 02:10:27.858482 | 	DMS-DeepSequence:
2024-08-08 02:10:27.861012 | 		Spearman r = 0.5032009533628997, P = 1.3342316719484786e-164
2024-08-08 02:10:27.861031 | 	DMS_flipped-esm2:
2024-08-08 02:10:27.863321 | 		Spearman r = 0.37806268803189896, P = 7.007727019148509e-88
2024-08-08 02:10:27.863336 | 	DMS_flipped-DeepSequence:
2024-08-08 02:10:27.865779 | 		Spearman r = 0.5234873675079789, P = 2.3866498382839045e-180
2024-08-08 02:19:22.576741 | Results for data/dms/dms_ubi4.csv:
2024-08-08 02:19:22.576794 | 	DMS_(a)-esm2:
2024-08-08 02:19:22.579163 | 		Spearman r = 0.2020399080525984, P = 1.7919258845321277e-12
2024-08-08 02:19:22.579185 | 	DMS_(a)-DeepSequence:
2024-08-08 02:19:22.581584 | 		Spearman r = 0.07270297274986905, P = 0.011938746759664305
2024-08-08 02:19:22.581605 | 	DMS_excess_(a)-esm2:
2024-08-08 02:19:22.583264 | 		Spearman r = 0.003995687175063928, P = 0.9416565371752375
2024-08-08 02:19:22.583281 | 	DMS_excess_(a)-DeepSequence:
2024-08-08 02:19:22.585056 | 		Spearman r = 0.010365479127409668, P = 0.8494140150138807
2024-08-08 02:19:22.585075 | 	DMS_limiting_(b)-esm2:
2024-08-08 02:19:22.587121 | 		Spearman r = 0.20899245698351895, P = 4.383027578151671e-15
2024-08-08 02:19:22.587137 | 	DMS_limiting_(b)-DeepSequence:
2024-08-08 02:19:22.589316 | 		Spearman r = 0.1527675569083452, P = 1.1742149691927832e-08
