2024-08-10 17:25:24.284966 | Results for data/dms/dms_adrb2.csv:
2024-08-10 17:25:24.285038 | 	DMS_0-esm1-670D:
2024-08-10 17:25:24.290235 | 		Spearman r = 0.3257303475650169, P = 3.2936971960929197e-192
2024-08-10 17:25:24.290255 | 	DMS_0-DeepSequence:
2024-08-10 17:25:24.294902 | 		Spearman r = 0.391597764414569, P = 3.0389597487856813e-284
2024-08-10 17:25:24.294921 | 	DMS_0.15-esm1-670D:
2024-08-10 17:25:24.299353 | 		Spearman r = 0.37779363895616025, P = 4.053719326407391e-263
2024-08-10 17:25:24.299369 | 	DMS_0.15-DeepSequence:
2024-08-10 17:25:24.303673 | 		Spearman r = 0.46271604889914103, P = 0.0
2024-08-10 17:25:24.303691 | 	DMS_0.625-esm1-670D:
2024-08-10 17:25:24.308104 | 		Spearman r = 0.42722223709860063, P = 0.0
2024-08-10 17:25:24.308121 | 	DMS_0.625-DeepSequence:
2024-08-10 17:25:24.312425 | 		Spearman r = 0.5219299153708199, P = 0.0
2024-08-10 17:25:24.312444 | 	DMS_5-esm1-670D:
2024-08-10 17:25:24.316879 | 		Spearman r = 0.35299821306356527, P = 5.116750765818918e-228
2024-08-10 17:25:24.316895 | 	DMS_5-DeepSequence:
2024-08-10 17:25:24.321215 | 		Spearman r = 0.446730164694329, P = 0.0
2024-08-10 17:32:21.441539 | Results for data/dms/dms_bla.csv:
2024-08-10 17:32:21.441586 | 	DMS_(a)-esm1-670D:
2024-08-10 17:32:21.443406 | 		Spearman r = 0.8025341715655377, P = 3.202863233555147e-16
2024-08-10 17:32:21.443425 | 	DMS_(a)-DeepSequence:
2024-08-10 17:32:21.445172 | 		Spearman r = -0.31834780012324, P = 0.008653765888684831
2024-08-10 17:32:21.445191 | 	DMS_amp_0_(b)-esm1-670D:
2024-08-10 17:32:21.448640 | 		Spearman r = 0.10913561935212078, P = 1.1524370017046109e-14
2024-08-10 17:32:21.448656 | 	DMS_amp_0_(b)-DeepSequence:
2024-08-10 17:32:21.452003 | 		Spearman r = 0.1495877145087174, P = 2.64173825911884e-26
2024-08-10 17:32:21.452021 | 	DMS_amp_10_(b)-esm1-670D:
2024-08-10 17:32:21.456036 | 		Spearman r = 0.1398245987080571, P = 1.1556890557357875e-22
2024-08-10 17:32:21.456052 | 	DMS_amp_10_(b)-DeepSequence:
2024-08-10 17:32:21.460132 | 		Spearman r = 0.09991812464665394, P = 2.8644213540126883e-12
2024-08-10 17:32:21.460150 | 	DMS_amp_39_(b)-esm1-670D:
2024-08-10 17:32:21.463492 | 		Spearman r = 0.1606031988109107, P = 4.05843674783771e-30
2024-08-10 17:32:21.463508 | 	DMS_amp_39_(b)-DeepSequence:
2024-08-10 17:32:21.466937 | 		Spearman r = 0.27085003986887574, P = 1.9707351833712756e-84
2024-08-10 17:32:21.466955 | 	DMS_amp_156_(b)-esm1-670D:
2024-08-10 17:32:21.470313 | 		Spearman r = 0.30512280292837474, P = 9.463223570367013e-108
2024-08-10 17:32:21.470328 | 	DMS_amp_156_(b)-DeepSequence:
2024-08-10 17:32:21.473687 | 		Spearman r = 0.4383963273209944, P = 6.234549196213311e-233
2024-08-10 17:32:21.473705 | 	DMS_amp_625_(b)-esm1-670D:
2024-08-10 17:32:21.477068 | 		Spearman r = 0.4022602589821271, P = 5.251988862536182e-193
2024-08-10 17:32:21.477085 | 	DMS_amp_625_(b)-DeepSequence:
2024-08-10 17:32:21.480325 | 		Spearman r = 0.616494865136829, P = 0.0
2024-08-10 17:32:21.480344 | 	DMS_amp_2500_(b)-esm1-670D:
2024-08-10 17:32:21.483711 | 		Spearman r = 0.47505652262447756, P = 1.0289514177985024e-278
2024-08-10 17:32:21.483727 | 	DMS_amp_2500_(b)-DeepSequence:
2024-08-10 17:32:21.487076 | 		Spearman r = 0.7532877726948102, P = 0.0
2024-08-10 17:32:21.487095 | 	DMS_cefo_0.2_(b)-esm1-670D:
2024-08-10 17:32:21.490448 | 		Spearman r = -0.11411769956259993, P = 6.695894898828056e-16
2024-08-10 17:32:21.490464 | 	DMS_cefo_0.2_(b)-DeepSequence:
2024-08-10 17:32:21.493799 | 		Spearman r = -0.06479001941522407, P = 4.764129280720241e-06
2024-08-10 17:32:21.493816 | 	DMS_M182T_(c)-esm1-670D:
2024-08-10 17:32:21.495542 | 		Spearman r = 0.3014970534948485, P = 1.6668806092151352e-05
2024-08-10 17:32:21.495557 | 	DMS_M182T_(c)-DeepSequence:
2024-08-10 17:32:21.497329 | 		Spearman r = 0.41229452706345804, P = 1.7449137506975667e-09
2024-08-10 17:32:21.497347 | 	DMS_WT_(c)-esm1-670D:
2024-08-10 17:32:21.500212 | 		Spearman r = 0.4499347546575377, P = 1.66091582052013e-50
2024-08-10 17:32:21.500227 | 	DMS_WT_(c)-DeepSequence:
2024-08-10 17:32:21.503141 | 		Spearman r = 0.7326302087327433, P = 2.8404642983707466e-167
2024-08-10 17:32:21.503158 | 	DMS_(d)-esm1-670D:
2024-08-10 17:32:21.519607 | 		Spearman r = -0.5646546688972606, P = 0.0
2024-08-10 17:32:21.519625 | 	DMS_(d)-DeepSequence:
2024-08-10 17:32:21.536135 | 		Spearman r = -0.7162613994222705, P = 0.0
Failed to complete data/dms/dms_brca1.csv, continuing...
2024-08-10 17:34:25.838811 | Results for data/dms/dms_calm1.csv:
2024-08-10 17:34:25.838874 | 	DMS-esm1-670D:
2024-08-10 17:34:25.841501 | 		Spearman r = 0.1056625950533635, P = 6.526718199340659e-06
2024-08-10 17:34:25.841519 | 	DMS-DeepSequence:
2024-08-10 17:34:25.843944 | 		Spearman r = 0.2330033047345174, P = 8.914752022358896e-24
2024-08-10 17:34:25.843961 | 	DMS_flipped-esm1-670D:
2024-08-10 17:34:25.846256 | 		Spearman r = 0.10115991154689424, P = 1.5929592784967586e-05
2024-08-10 17:34:25.846271 | 	DMS_flipped-DeepSequence:
2024-08-10 17:34:25.848647 | 		Spearman r = 0.3062765620647369, P = 1.1183901491415715e-40
Failed to complete data/dms/dms_cas9.csv, continuing...
2024-08-10 17:35:31.956064 | Results for data/dms/dms_ccdb.csv:
2024-08-10 17:35:31.956108 | 	DMS-esm1-670D:
2024-08-10 17:35:31.958321 | 		Spearman r = -0.2444015965803861, P = 1.870521590272885e-17
2024-08-10 17:35:31.958339 | 	DMS-DeepSequence:
2024-08-10 17:35:31.960428 | 		Spearman r = -0.39935197001268213, P = 2.970528636274949e-46
2024-08-10 18:34:06.753364 | Results for data/dms/dms_env.csv:
2024-08-10 18:34:06.753418 | 	DMS-esm1-670D:
2024-08-10 18:34:06.765515 | 		Spearman r = 0.1364527006666877, P = 1.665574789489131e-54
2024-08-10 18:34:06.765536 | 	DMS-DeepSequence:
2024-08-10 18:34:06.777043 | 		Spearman r = 0.1364977788639145, P = 1.536058038113284e-54
2024-08-10 19:34:49.451085 | Results for data/dms/dms_gal4.csv:
2024-08-10 19:34:49.451154 | 	DMS_nonsel_24-esm1-670D:
2024-08-10 19:34:49.454068 | 		Spearman r = -0.4843890768328021, P = 2.2247538709058874e-71
2024-08-10 19:34:49.454088 | 	DMS_nonsel_24-DeepSequence:
2024-08-10 19:34:49.456814 | 		Spearman r = -0.3979461745420211, P = 1.1526528473140733e-46
2024-08-10 19:34:49.456832 | 	DMS_selA_24-esm1-670D:
2024-08-10 19:34:49.459337 | 		Spearman r = 0.6245055902514994, P = 2.5473113183755073e-130
2024-08-10 19:34:49.459353 | 	DMS_selA_24-DeepSequence:
2024-08-10 19:34:49.461942 | 		Spearman r = 0.5077841116273563, P = 2.197956283330219e-79
2024-08-10 19:34:49.461960 | 	DMS_selA_40-esm1-670D:
2024-08-10 19:34:49.464395 | 		Spearman r = 0.6183275249177225, P = 4.504318942584181e-127
2024-08-10 19:34:49.464411 | 	DMS_selA_40-DeepSequence:
2024-08-10 19:34:49.466971 | 		Spearman r = 0.4989766996660709, P = 2.684745377616402e-76
2024-08-10 19:34:49.466989 | 	DMS_selB_40-esm1-670D:
2024-08-10 19:34:49.469611 | 		Spearman r = 0.6103687929552573, P = 5.393315341984705e-123
2024-08-10 19:34:49.469627 | 	DMS_selB_40-DeepSequence:
2024-08-10 19:34:49.472211 | 		Spearman r = 0.5227932922761602, P = 7.38773187763028e-85
2024-08-10 19:34:49.472229 | 	DMS_selC_40-esm1-670D:
2024-08-10 19:34:49.474734 | 		Spearman r = 0.6000659465516093, P = 6.948428672746147e-118
2024-08-10 19:34:49.474750 | 	DMS_selC_40-DeepSequence:
2024-08-10 19:34:49.477334 | 		Spearman r = 0.5244389442358764, P = 1.7846031315575084e-85
2024-08-10 19:34:49.477352 | 	DMS_selC_64-esm1-670D:
2024-08-10 19:34:49.479841 | 		Spearman r = 0.5594971532047258, P = 1.836281884124422e-99
2024-08-10 19:34:49.479857 | 	DMS_selC_64-DeepSequence:
2024-08-10 19:34:49.482451 | 		Spearman r = 0.494098640620667, P = 1.2593633517964003e-74
2024-08-10 19:37:18.031670 | Results for data/dms/dms_gmr.csv:
2024-08-10 19:37:18.031715 | 	DMS_37C-esm1-670D:
2024-08-10 19:37:18.034163 | 		Spearman r = 0.30019113634153444, P = 1.8341223628044557e-41
2024-08-10 19:37:18.034182 | 	DMS_37C-DeepSequence:
2024-08-10 19:37:18.036497 | 		Spearman r = 0.5518404077970945, P = 3.578146801608473e-154
2024-08-10 19:37:18.036515 | 	DMS_30C-esm1-670D:
2024-08-10 19:37:18.038652 | 		Spearman r = 0.2584768236510591, P = 7.024387331791279e-29
2024-08-10 19:37:18.038667 | 	DMS_30C-DeepSequence:
2024-08-10 19:37:18.040840 | 		Spearman r = 0.502111208669019, P = 1.221594736391909e-115
2024-08-10 19:37:18.040859 | 	DMS_42C-esm1-670D:
2024-08-10 19:37:18.042772 | 		Spearman r = 0.24783579827967603, P = 4.3006925558551124e-20
2024-08-10 19:37:18.042787 | 	DMS_42C-DeepSequence:
2024-08-10 19:37:18.044788 | 		Spearman r = 0.488492283294406, P = 8.18894092756872e-81
2024-08-10 19:37:18.044805 | 	DMS_37C_TMAO-esm1-670D:
2024-08-10 19:37:18.046932 | 		Spearman r = 0.2889257579975824, P = 9.29496253289818e-38
2024-08-10 19:37:18.046948 | 	DMS_37C_TMAO-DeepSequence:
2024-08-10 19:37:18.049205 | 		Spearman r = 0.5354602416459431, P = 4.4257688340098606e-141
2024-08-10 19:37:18.049223 | 	DMS_37C_glycerol-esm1-670D:
2024-08-10 19:37:18.051381 | 		Spearman r = 0.24196751678767228, P = 9.827862760994387e-28
2024-08-10 19:37:18.051396 | 	DMS_37C_glycerol-DeepSequence:
2024-08-10 19:37:18.053672 | 		Spearman r = 0.441954874963, P = 2.5618231516091494e-95
2024-08-10 19:37:18.053689 | 	DMS_42C_TMAO-esm1-670D:
2024-08-10 19:37:18.055605 | 		Spearman r = 0.27458819957813024, P = 4.094502646035722e-27
2024-08-10 19:37:18.055621 | 	DMS_42C_TMAO-DeepSequence:
2024-08-10 19:37:18.057628 | 		Spearman r = 0.49225575207087474, P = 1.5971627054010774e-91
2024-08-10 19:37:18.057646 | 	DMS_42C_glycerol-esm1-670D:
2024-08-10 19:37:18.059725 | 		Spearman r = 0.3277076543250784, P = 4.12739470131969e-45
2024-08-10 19:37:18.059741 | 	DMS_42C_glycerol-DeepSequence:
2024-08-10 19:37:18.061914 | 		Spearman r = 0.5455617274538593, P = 2.295479656878454e-136
2024-08-10 19:37:18.061931 | 	DMS_37C_Gm_25mug/mL-esm1-670D:
2024-08-10 19:37:18.063952 | 		Spearman r = 0.29832508928740764, P = 1.7296029904995604e-36
2024-08-10 19:37:18.063968 | 	DMS_37C_Gm_25mug/mL-DeepSequence:
2024-08-10 19:37:18.066085 | 		Spearman r = 0.5528862800178228, P = 1.708655638819014e-137
2024-08-10 19:37:18.066103 | 	DMS_37C_TMAO_Gm_25mug/mL-esm1-670D:
2024-08-10 19:37:18.068107 | 		Spearman r = 0.25355372641000945, P = 1.2909799954820139e-24
2024-08-10 19:37:18.068122 | 	DMS_37C_TMAO_Gm_25mug/mL-DeepSequence:
2024-08-10 19:37:18.070243 | 		Spearman r = 0.5244747022716602, P = 1.9241006857494792e-112
2024-08-10 19:37:18.070261 | 	DMS_37C_glycerol_Gm_25mug/mL-esm1-670D:
2024-08-10 19:37:18.072392 | 		Spearman r = 0.2849119373189075, P = 1.4294752815001591e-37
2024-08-10 19:37:18.072407 | 	DMS_37C_glycerol_Gm_25mug/mL-DeepSequence:
2024-08-10 19:37:18.074629 | 		Spearman r = 0.5000288046295195, P = 2.5951041350811585e-123
2024-08-10 20:01:41.730433 | Results for data/dms/dms_ha_h1.csv:
2024-08-10 20:01:41.730481 | 	DMS-esm1-670D:
2024-08-10 20:01:41.740873 | 		Spearman r = -0.010363643538764561, P = 0.2833929525058857
2024-08-10 20:01:41.740895 | 	DMS-DeepSequence:
2024-08-10 20:01:41.750366 | 		Spearman r = 0.2715379436470719, P = 6.164522169310343e-178
2024-08-10 20:26:21.495432 | Results for data/dms/dms_ha_h3.csv:
2024-08-10 20:26:21.495481 | 	DMS-esm1-670D:
2024-08-10 20:26:21.498134 | 		Spearman r = -0.042494692669865386, P = 1.0421303657270363e-05
2024-08-10 20:26:21.498153 | 	DMS-DeepSequence:
2024-08-10 20:26:21.500619 | 		Spearman r = 0.26174259024142765, P = 5.912845139255462e-168
2024-08-10 20:34:55.815759 | Results for data/dms/dms_haeiiim.csv:
2024-08-10 20:34:55.815804 | 	DMS_G3-esm1-670D:
2024-08-10 20:34:55.821259 | 		Spearman r = 0.4111874178462257, P = 1.3869986293467998e-79
2024-08-10 20:34:55.821279 | 	DMS_G3-DeepSequence:
2024-08-10 20:34:55.826753 | 		Spearman r = 0.6414985237097386, P = 3.874119314799191e-224
2024-08-10 20:34:55.826771 | 	DMS_G7-esm1-670D:
2024-08-10 20:34:55.831911 | 		Spearman r = 0.3484365797505609, P = 3.586666862576712e-56
2024-08-10 20:34:55.831926 | 	DMS_G7-DeepSequence:
2024-08-10 20:34:55.837149 | 		Spearman r = 0.5683852644380207, P = 1.731039854018041e-165
2024-08-10 20:34:55.837167 | 	DMS_G17-esm1-670D:
2024-08-10 20:34:55.842288 | 		Spearman r = 0.41411240825855944, P = 8.348174530450756e-81
2024-08-10 20:34:55.842304 | 	DMS_G17-DeepSequence:
2024-08-10 20:34:55.847499 | 		Spearman r = 0.6535582129318239, P = 2.1125151804510994e-235
2024-08-10 20:37:37.200515 | Results for data/dms/dms_hras.csv:
2024-08-10 20:37:37.200584 | 	DMS_regulated-esm1-670D:
2024-08-10 20:37:37.204185 | 		Spearman r = 0.1853312182292263, P = 1.2704106434225534e-25
2024-08-10 20:37:37.204203 | 	DMS_regulated-DeepSequence:
2024-08-10 20:37:37.207709 | 		Spearman r = 0.44617562240983905, P = 3.0371217251659067e-153
2024-08-10 20:37:37.207727 | 	DMS_attenuated-esm1-670D:
2024-08-10 20:37:37.210234 | 		Spearman r = 0.0806024782792144, P = 6.225796955240689e-06
2024-08-10 20:37:37.210250 | 	DMS_attenuated-DeepSequence:
2024-08-10 20:37:37.212821 | 		Spearman r = 0.09480690806259634, P = 1.0479560428403852e-07
2024-08-10 20:37:37.212839 | 	DMS_unregulated-esm1-670D:
2024-08-10 20:37:37.215282 | 		Spearman r = 0.20186400613747302, P = 3.487353118845121e-30
2024-08-10 20:37:37.215297 | 	DMS_unregulated-DeepSequence:
2024-08-10 20:37:37.217880 | 		Spearman r = 0.4485160951477809, P = 5.0024730346647555e-155
2024-08-10 20:37:37.217897 | 	DMS_g12v-esm1-670D:
2024-08-10 20:37:37.220326 | 		Spearman r = 0.1635038304208221, P = 3.166404699817293e-20
2024-08-10 20:37:37.220341 | 	DMS_g12v-DeepSequence:
2024-08-10 20:37:37.222931 | 		Spearman r = 0.4438699613185293, P = 1.6811402510481535e-151
2024-08-10 21:16:00.792539 | Results for data/dms/dms_hsp82.csv:
2024-08-10 21:16:00.792613 | 	DMS-esm1-670D:
2024-08-10 21:16:00.796824 | 		Spearman r = 0.485580309395706, P = 9.202132382336136e-255
2024-08-10 21:16:00.796844 | 	DMS-DeepSequence:
2024-08-10 21:16:00.800819 | 		Spearman r = 0.4941006193275128, P = 4.431885852908027e-265
2024-08-10 21:16:37.425860 | Results for data/dms/dms_infa.csv:
2024-08-10 21:16:37.425903 | 	DMS_min-esm1-670D:
2024-08-10 21:16:37.426864 | 		Spearman r = 0.3168678937514463, P = 2.7828816808726964e-33
2024-08-10 21:16:37.426884 | 	DMS_min-DeepSequence:
2024-08-10 21:16:37.427793 | 		Spearman r = 0.5307814630161093, P = 2.840276824489343e-100
2024-08-10 21:16:37.427811 | 	DMS_rich-esm1-670D:
2024-08-10 21:16:37.428504 | 		Spearman r = 0.3168678937514463, P = 2.7828816808726964e-33
2024-08-10 21:16:37.428519 | 	DMS_rich-DeepSequence:
2024-08-10 21:16:37.429310 | 		Spearman r = 0.5307814630161093, P = 2.840276824489343e-100
2024-08-10 21:26:14.737764 | Results for data/dms/dms_mapk1.csv:
2024-08-10 21:26:14.737827 | 	DMS_DOX-esm1-670D:
2024-08-10 21:26:14.742242 | 		Spearman r = -0.27937828439020707, P = 2.504871829924575e-122
2024-08-10 21:26:14.742261 | 	DMS_DOX-DeepSequence:
2024-08-10 21:26:14.746511 | 		Spearman r = -0.524514722370891, P = 0.0
2024-08-10 21:26:14.746531 | 	DMS_SCH-esm1-670D:
2024-08-10 21:26:14.750621 | 		Spearman r = 0.0660771320697371, P = 4.819911840404234e-08
2024-08-10 21:26:14.750637 | 	DMS_SCH-DeepSequence:
2024-08-10 21:26:14.754818 | 		Spearman r = 0.08739474498220408, P = 5.027470327273498e-13
2024-08-10 21:26:14.754836 | 	DMS_VRT-esm1-670D:
2024-08-10 21:26:14.758884 | 		Spearman r = 0.12855204842108595, P = 1.7299390697807456e-26
2024-08-10 21:26:14.758899 | 	DMS_VRT-DeepSequence:
2024-08-10 21:26:14.763097 | 		Spearman r = 0.19226655810441598, P = 1.0358117677458512e-57
2024-08-10 21:38:00.235089 | Results for data/dms/dms_p53.csv:
2024-08-10 21:38:00.235153 | 	DMS_WT_Nutlin-esm1-670D:
2024-08-10 21:38:00.239815 | 		Spearman r = -0.528056366827013, P = 0.0
2024-08-10 21:38:00.239836 | 	DMS_WT_Nutlin-DeepSequence:
2024-08-10 21:38:00.244292 | 		Spearman r = -0.3964885512825907, P = 6.819476268696585e-279
2024-08-10 21:38:00.244312 | 	DMS_null_Nutlin-esm1-670D:
2024-08-10 21:38:00.248648 | 		Spearman r = -0.42231474795505614, P = 0.0
2024-08-10 21:38:00.248666 | 	DMS_null_Nutlin-DeepSequence:
2024-08-10 21:38:00.253097 | 		Spearman r = -0.32184512921424985, P = 4.472343172720859e-179
2024-08-10 21:38:00.253115 | 	DMS_null_etoposide-esm1-670D:
2024-08-10 21:38:00.257438 | 		Spearman r = 0.4164183465317865, P = 0.0
2024-08-10 21:38:00.257456 | 	DMS_null_etoposide-DeepSequence:
2024-08-10 21:38:00.261875 | 		Spearman r = 0.39916046455733617, P = 5.587358101232554e-283
2024-08-10 22:03:32.690937 | Results for data/dms/dms_pab1.csv:
2024-08-10 22:03:32.691007 | 	DMS-esm1-670D:
2024-08-10 22:03:32.693827 | 		Spearman r = 0.4275471788743145, P = 6.137767276202983e-54
2024-08-10 22:03:32.693847 | 	DMS-DeepSequence:
2024-08-10 22:03:32.696362 | 		Spearman r = 0.646482582897206, P = 1.9835289912584704e-141
2024-08-10 22:15:41.914421 | Results for data/dms/dms_pten.csv:
2024-08-10 22:15:41.914486 | 	DMS_(a)-esm1-670D:
2024-08-10 22:15:41.917994 | 		Spearman r = 0.32709154630774123, P = 3.893211796199058e-103
2024-08-10 22:15:41.918013 | 	DMS_(a)-DeepSequence:
2024-08-10 22:15:41.921363 | 		Spearman r = 0.4138912237146598, P = 5.994125076026103e-170
2024-08-10 22:15:41.921383 | 	DMS_(b)-esm1-670D:
2024-08-10 22:15:41.926269 | 		Spearman r = 0.41016699894385095, P = 1.0885842093622891e-292
2024-08-10 22:15:41.926287 | 	DMS_(b)-DeepSequence:
2024-08-10 22:15:41.931176 | 		Spearman r = 0.5104705911027728, P = 0.0
2024-08-10 22:15:41.931195 | 	DMS_highqual_(b)-esm1-670D:
2024-08-10 22:15:41.935241 | 		Spearman r = 0.4564254831590963, P = 0.0
2024-08-10 22:15:41.935257 | 	DMS_highqual_(b)-DeepSequence:
2024-08-10 22:15:41.939443 | 		Spearman r = 0.5559132663038404, P = 0.0
2024-08-10 22:16:46.042815 | Results for data/dms/dms_sumo1.csv:
2024-08-10 22:16:46.042880 | 	DMS-esm1-670D:
2024-08-10 22:16:46.045091 | 		Spearman r = 0.2885014008655366, P = 6.0510875113840815e-34
2024-08-10 22:16:46.045110 | 	DMS-DeepSequence:
2024-08-10 22:16:46.047130 | 		Spearman r = 0.5337810656274805, P = 8.032294451579581e-126
2024-08-10 22:16:46.047147 | 	DMS_flipped-esm1-670D:
2024-08-10 22:16:46.049017 | 		Spearman r = 0.2893216315584722, P = 3.890003586611921e-34
2024-08-10 22:16:46.049033 | 	DMS_flipped-DeepSequence:
2024-08-10 22:16:46.050939 | 		Spearman r = 0.5362040259610918, P = 3.6615327903771633e-127
2024-08-10 22:21:11.024104 | Results for data/dms/dms_tpk1.csv:
2024-08-10 22:21:11.024169 | 	DMS-esm1-670D:
2024-08-10 22:21:11.027301 | 		Spearman r = 0.1443118204281903, P = 2.864829295333307e-16
2024-08-10 22:21:11.027320 | 	DMS-DeepSequence:
2024-08-10 22:21:11.030364 | 		Spearman r = 0.24280099811590772, P = 6.59230518635381e-44
2024-08-10 22:21:11.030382 | 	DMS_flipped-esm1-670D:
2024-08-10 22:21:11.033245 | 		Spearman r = 0.15420005006321724, P = 2.212939033969437e-18
2024-08-10 22:21:11.033262 | 	DMS_flipped-DeepSequence:
2024-08-10 22:21:11.036149 | 		Spearman r = 0.2564580220213769, P = 5.9652162548650945e-49
2024-08-10 22:25:40.075445 | Results for data/dms/dms_tpmt.csv:
2024-08-10 22:25:40.075509 | 	DMS-esm1-670D:
2024-08-10 22:25:40.078659 | 		Spearman r = 0.47909111388704223, P = 4.7176638137363275e-211
2024-08-10 22:25:40.078677 | 	DMS-DeepSequence:
2024-08-10 22:25:40.081698 | 		Spearman r = 0.4834839985341243, P = 1.835353754713478e-215
2024-08-10 22:27:47.549303 | Results for data/dms/dms_ube2i.csv:
2024-08-10 22:27:47.549351 | 	DMS-esm1-670D:
2024-08-10 22:27:47.551979 | 		Spearman r = 0.3080880933376814, P = 1.7625469292819175e-57
2024-08-10 22:27:47.551998 | 	DMS-DeepSequence:
2024-08-10 22:27:47.554500 | 		Spearman r = 0.5032009533628997, P = 1.3342316719484786e-164
2024-08-10 22:27:47.554519 | 	DMS_flipped-esm1-670D:
2024-08-10 22:27:47.556898 | 		Spearman r = 0.32713636232246285, P = 5.43902081573889e-65
2024-08-10 22:27:47.556914 | 	DMS_flipped-DeepSequence:
2024-08-10 22:27:47.559294 | 		Spearman r = 0.5234873675079789, P = 2.3866498382839045e-180
2024-08-10 22:38:22.127738 | Results for data/dms/dms_ubi4.csv:
2024-08-10 22:38:22.127809 | 	DMS_(a)-esm1-670D:
2024-08-10 22:38:22.130226 | 		Spearman r = -0.09001276234659816, P = 0.001841328782668917
2024-08-10 22:38:22.130251 | 	DMS_(a)-DeepSequence:
2024-08-10 22:38:22.132554 | 		Spearman r = 0.07270297274986905, P = 0.011938746759664305
2024-08-10 22:38:22.132592 | 	DMS_excess_(a)-esm1-670D:
2024-08-10 22:38:22.134274 | 		Spearman r = -0.17014200033593915, P = 0.0016932016420918817
2024-08-10 22:38:22.134291 | 	DMS_excess_(a)-DeepSequence:
2024-08-10 22:38:22.136043 | 		Spearman r = 0.010365479127409668, P = 0.8494140150138807
2024-08-10 22:38:22.136062 | 	DMS_limiting_(b)-esm1-670D:
2024-08-10 22:38:22.138189 | 		Spearman r = -0.01895042226833311, P = 0.4818051495620972
2024-08-10 22:38:22.138207 | 	DMS_limiting_(b)-DeepSequence:
2024-08-10 22:38:22.140297 | 		Spearman r = 0.1527675569083452, P = 1.1742149691927832e-08
