2024-08-07 15:09:49.066016 | Results for data/dms/dms_adrb2.csv:
2024-08-07 15:09:49.066084 | 	DMS_0-esm1b:
2024-08-07 15:09:49.071449 | 		Spearman r = 0.39041848192913614, P = 2.1255815335656603e-282
2024-08-07 15:09:49.071474 | 	DMS_0-DeepSequence:
2024-08-07 15:09:49.076280 | 		Spearman r = 0.391597764414569, P = 3.0389597487856813e-284
2024-08-07 15:09:49.076304 | 	DMS_0.15-esm1b:
2024-08-07 15:09:49.080974 | 		Spearman r = 0.4598210948009575, P = 0.0
2024-08-07 15:09:49.080996 | 	DMS_0.15-DeepSequence:
2024-08-07 15:09:49.085701 | 		Spearman r = 0.46271604889914103, P = 0.0
2024-08-07 15:09:49.085726 | 	DMS_0.625-esm1b:
2024-08-07 15:09:49.090372 | 		Spearman r = 0.5205630728517711, P = 0.0
2024-08-07 15:09:49.090391 | 	DMS_0.625-DeepSequence:
2024-08-07 15:09:49.095018 | 		Spearman r = 0.5219299153708199, P = 0.0
2024-08-07 15:09:49.095038 | 	DMS_5-esm1b:
2024-08-07 15:09:49.099602 | 		Spearman r = 0.454381844530409, P = 0.0
2024-08-07 15:09:49.099620 | 	DMS_5-DeepSequence:
2024-08-07 15:09:49.104137 | 		Spearman r = 0.446730164694329, P = 0.0
2024-08-07 15:16:09.124807 | Results for data/dms/dms_bla.csv:
2024-08-07 15:16:09.124857 | 	DMS_(a)-esm1b:
2024-08-07 15:16:09.126717 | 		Spearman r = 0.7555821611800555, P = 1.4749995233426459e-13
2024-08-07 15:16:09.126736 | 	DMS_(a)-DeepSequence:
2024-08-07 15:16:09.128444 | 		Spearman r = -0.31834780012324, P = 0.008653765888684831
2024-08-07 15:16:09.128462 | 	DMS_amp_0_(b)-esm1b:
2024-08-07 15:16:09.131710 | 		Spearman r = 0.12047012361060996, P = 1.4799497591337233e-17
2024-08-07 15:16:09.131726 | 	DMS_amp_0_(b)-DeepSequence:
2024-08-07 15:16:09.135047 | 		Spearman r = 0.1495877145087174, P = 2.64173825911884e-26
2024-08-07 15:16:09.135065 | 	DMS_amp_10_(b)-esm1b:
2024-08-07 15:16:09.139077 | 		Spearman r = 0.08640670120194886, P = 1.5802871026824705e-09
2024-08-07 15:16:09.139093 | 	DMS_amp_10_(b)-DeepSequence:
2024-08-07 15:16:09.143148 | 		Spearman r = 0.09991812464665394, P = 2.8644213540126883e-12
2024-08-07 15:16:09.143166 | 	DMS_amp_39_(b)-esm1b:
2024-08-07 15:16:09.146595 | 		Spearman r = 0.24960272866826844, P = 1.4066771630052596e-71
2024-08-07 15:16:09.146612 | 	DMS_amp_39_(b)-DeepSequence:
2024-08-07 15:16:09.149977 | 		Spearman r = 0.27085003986887574, P = 1.9707351833712756e-84
2024-08-07 15:16:09.149995 | 	DMS_amp_156_(b)-esm1b:
2024-08-07 15:16:09.153251 | 		Spearman r = 0.41599631945747245, P = 1.3137472916967396e-207
2024-08-07 15:16:09.153268 | 	DMS_amp_156_(b)-DeepSequence:
2024-08-07 15:16:09.156517 | 		Spearman r = 0.4383963273209944, P = 6.234549196213311e-233
2024-08-07 15:16:09.156534 | 	DMS_amp_625_(b)-esm1b:
2024-08-07 15:16:09.159821 | 		Spearman r = 0.5196230272756498, P = 0.0
2024-08-07 15:16:09.159839 | 	DMS_amp_625_(b)-DeepSequence:
2024-08-07 15:16:09.163192 | 		Spearman r = 0.616494865136829, P = 0.0
2024-08-07 15:16:09.163212 | 	DMS_amp_2500_(b)-esm1b:
2024-08-07 15:16:09.166625 | 		Spearman r = 0.629827857586814, P = 0.0
2024-08-07 15:16:09.166643 | 	DMS_amp_2500_(b)-DeepSequence:
2024-08-07 15:16:09.170063 | 		Spearman r = 0.7532877726948102, P = 0.0
2024-08-07 15:16:09.170081 | 	DMS_cefo_0.2_(b)-esm1b:
2024-08-07 15:16:09.173345 | 		Spearman r = -0.08924411440825235, P = 2.8335719380313573e-10
2024-08-07 15:16:09.173362 | 	DMS_cefo_0.2_(b)-DeepSequence:
2024-08-07 15:16:09.176590 | 		Spearman r = -0.06479001941522407, P = 4.764129280720241e-06
2024-08-07 15:16:09.176607 | 	DMS_M182T_(c)-esm1b:
2024-08-07 15:16:09.178321 | 		Spearman r = 0.40241154088901226, P = 4.57636250703111e-09
2024-08-07 15:16:09.178336 | 	DMS_M182T_(c)-DeepSequence:
2024-08-07 15:16:09.180084 | 		Spearman r = 0.41229452706345804, P = 1.7449137506975667e-09
2024-08-07 15:16:09.180101 | 	DMS_WT_(c)-esm1b:
2024-08-07 15:16:09.182957 | 		Spearman r = 0.5874454318514593, P = 6.724767022002867e-93
2024-08-07 15:16:09.182973 | 	DMS_WT_(c)-DeepSequence:
2024-08-07 15:16:09.185919 | 		Spearman r = 0.7326302087327433, P = 2.8404642983707466e-167
2024-08-07 15:16:09.185937 | 	DMS_(d)-esm1b:
2024-08-07 15:16:09.202119 | 		Spearman r = -0.6175091561285856, P = 0.0
2024-08-07 15:16:09.202137 | 	DMS_(d)-DeepSequence:
2024-08-07 15:16:09.218450 | 		Spearman r = -0.7162613994222705, P = 0.0
2024-08-07 20:31:38.028863 | Results for data/dms/dms_brca1.csv:
2024-08-07 20:31:38.028926 | 	DMS_Y2H_all_(a)-esm1b:
2024-08-07 20:31:38.033169 | 		Spearman r = 0.17887399321267078, P = 4.919065688392969e-14
2024-08-07 20:31:38.033189 | 	DMS_Y2H_all_(a)-DeepSequence:
2024-08-07 20:31:38.037692 | 		Spearman r = 0.1458854650028293, P = 8.911061897810844e-10
2024-08-07 20:31:38.037713 | 	DMS_E3_all_(a)-esm1b:
2024-08-07 20:31:38.042973 | 		Spearman r = 0.21890705368047128, P = 8.835993100003976e-54
2024-08-07 20:31:38.042990 | 	DMS_E3_all_(a)-DeepSequence:
2024-08-07 20:31:38.048635 | 		Spearman r = 0.19199852455767094, P = 1.4980559661463966e-41
2024-08-07 20:31:38.048654 | 	DMS_Y2H_high_(a)-esm1b:
2024-08-07 20:31:38.052316 | 		Spearman r = 0.22008938620638763, P = 9.889679798932104e-17
2024-08-07 20:31:38.052332 | 	DMS_Y2H_high_(a)-DeepSequence:
2024-08-07 20:31:38.056484 | 		Spearman r = 0.19708795755683434, P = 1.1752861690789232e-13
2024-08-07 20:31:38.056503 | 	DMS_E3_high_(a)-esm1b:
2024-08-07 20:31:38.060755 | 		Spearman r = 0.40854496541808966, P = 1.166191310156802e-120
2024-08-07 20:31:38.060771 | 	DMS_E3_high_(a)-DeepSequence:
2024-08-07 20:31:38.065598 | 		Spearman r = 0.2867304570386528, P = 1.0979344439677105e-57
2024-08-07 20:31:38.065616 | 	DMS_(b)-esm1b:
2024-08-07 20:31:38.069537 | 		Spearman r = 0.45694738976791655, P = 1.934212413593581e-95
2024-08-07 20:31:38.069554 | 	DMS_(b)-DeepSequence:
2024-08-07 20:31:38.073425 | 		Spearman r = 0.4047869009745998, P = 4.423167824654717e-24
2024-08-07 20:33:28.654461 | Results for data/dms/dms_calm1.csv:
2024-08-07 20:33:28.654530 | 	DMS-esm1b:
2024-08-07 20:33:28.657191 | 		Spearman r = 0.17319278937642282, P = 1.1232959540674353e-13
2024-08-07 20:33:28.657209 | 	DMS-DeepSequence:
2024-08-07 20:33:28.659606 | 		Spearman r = 0.2330033047345174, P = 8.914752022358896e-24
2024-08-07 20:33:28.659623 | 	DMS_flipped-esm1b:
2024-08-07 20:33:28.661892 | 		Spearman r = 0.2411329605578252, P = 2.1349047024145785e-25
2024-08-07 20:33:28.661908 | 	DMS_flipped-DeepSequence:
2024-08-07 20:33:28.664275 | 		Spearman r = 0.3062765620647369, P = 1.1183901491415715e-40
2024-08-07 23:11:19.779476 | Results for data/dms/dms_cas9.csv:
2024-08-07 23:11:19.779549 | 	DMS_positive-esm1b:
2024-08-07 23:11:19.783613 | 		Spearman r = 0.2517409310613246, P = 2.6157545827217503e-35
2024-08-07 23:11:19.783632 | 	DMS_positive-DeepSequence:
2024-08-07 23:11:19.787413 | 		Spearman r = 0.22851529628747885, P = 3.1452919781422375e-29
2024-08-07 23:11:19.787433 | 	DMS_negative-esm1b:
2024-08-07 23:11:19.791122 | 		Spearman r = 0.01988115386080348, P = 0.3352654185298872
2024-08-07 23:11:19.791140 | 	DMS_negative-DeepSequence:
2024-08-07 23:11:19.794859 | 		Spearman r = 0.004848793568882744, P = 0.8142239894810064
2024-08-07 23:12:19.542967 | Results for data/dms/dms_ccdb.csv:
2024-08-07 23:12:19.543016 | 	DMS-esm1b:
2024-08-07 23:12:19.545278 | 		Spearman r = -0.3205711258497172, P = 1.6354043048919818e-29
2024-08-07 23:12:19.545298 | 	DMS-DeepSequence:
2024-08-07 23:12:19.547359 | 		Spearman r = -0.39935197001268213, P = 2.970528636274949e-46
2024-08-08 00:06:55.013931 | Results for data/dms/dms_env.csv:
2024-08-08 00:06:55.014002 | 	DMS-esm1b:
2024-08-08 00:06:55.026023 | 		Spearman r = 0.22725371290273375, P = 2.535084957562648e-150
2024-08-08 00:06:55.026043 | 	DMS-DeepSequence:
2024-08-08 00:06:55.037499 | 		Spearman r = 0.1364977788639145, P = 1.536058038113284e-54
2024-08-08 01:04:33.414524 | Results for data/dms/dms_gal4.csv:
2024-08-08 01:04:33.414581 | 	DMS_nonsel_24-esm1b:
2024-08-08 01:04:33.417557 | 		Spearman r = -0.3954970829208451, P = 4.594996941953927e-46
2024-08-08 01:04:33.417578 | 	DMS_nonsel_24-DeepSequence:
2024-08-08 01:04:33.420258 | 		Spearman r = -0.3979461745420211, P = 1.1526528473140733e-46
2024-08-08 01:04:33.420276 | 	DMS_selA_24-esm1b:
2024-08-08 01:04:33.422814 | 		Spearman r = 0.6021526297236494, P = 6.636979147007923e-119
2024-08-08 01:04:33.422830 | 	DMS_selA_24-DeepSequence:
2024-08-08 01:04:33.425464 | 		Spearman r = 0.5077841116273563, P = 2.197956283330219e-79
2024-08-08 01:04:33.425482 | 	DMS_selA_40-esm1b:
2024-08-08 01:04:33.427946 | 		Spearman r = 0.5967951813034778, P = 2.6637849907712347e-116
2024-08-08 01:04:33.427961 | 	DMS_selA_40-DeepSequence:
2024-08-08 01:04:33.430503 | 		Spearman r = 0.4989766996660709, P = 2.684745377616402e-76
2024-08-08 01:04:33.430520 | 	DMS_selB_40-esm1b:
2024-08-08 01:04:33.433116 | 		Spearman r = 0.5853487624876157, P = 6.706335605087413e-111
2024-08-08 01:04:33.433133 | 	DMS_selB_40-DeepSequence:
2024-08-08 01:04:33.435699 | 		Spearman r = 0.5227932922761602, P = 7.38773187763028e-85
2024-08-08 01:04:33.435717 | 	DMS_selC_40-esm1b:
2024-08-08 01:04:33.438291 | 		Spearman r = 0.5762667197798632, P = 9.145302069425205e-107
2024-08-08 01:04:33.438308 | 	DMS_selC_40-DeepSequence:
2024-08-08 01:04:33.440877 | 		Spearman r = 0.5244389442358764, P = 1.7846031315575084e-85
2024-08-08 01:04:33.440894 | 	DMS_selC_64-esm1b:
2024-08-08 01:04:33.443367 | 		Spearman r = 0.5517083524781503, P = 3.2820582880648614e-96
2024-08-08 01:04:33.443383 | 	DMS_selC_64-DeepSequence:
2024-08-08 01:04:33.445973 | 		Spearman r = 0.494098640620667, P = 1.2593633517964003e-74
2024-08-08 01:06:54.439201 | Results for data/dms/dms_gmr.csv:
2024-08-08 01:06:54.439246 | 	DMS_37C-esm1b:
2024-08-08 01:06:54.441767 | 		Spearman r = 0.2641514627744464, P = 3.704551282953117e-32
2024-08-08 01:06:54.441786 | 	DMS_37C-DeepSequence:
2024-08-08 01:06:54.444046 | 		Spearman r = 0.5518404077970945, P = 3.578146801608473e-154
2024-08-08 01:06:54.444064 | 	DMS_30C-esm1b:
2024-08-08 01:06:54.446152 | 		Spearman r = 0.23465578082194222, P = 5.951381629093725e-24
2024-08-08 01:06:54.446168 | 	DMS_30C-DeepSequence:
2024-08-08 01:06:54.448271 | 		Spearman r = 0.502111208669019, P = 1.221594736391909e-115
2024-08-08 01:06:54.448288 | 	DMS_42C-esm1b:
2024-08-08 01:06:54.450216 | 		Spearman r = 0.18744033860547538, P = 5.359545884682432e-12
2024-08-08 01:06:54.450232 | 	DMS_42C-DeepSequence:
2024-08-08 01:06:54.452199 | 		Spearman r = 0.488492283294406, P = 8.18894092756872e-81
2024-08-08 01:06:54.452218 | 	DMS_37C_TMAO-esm1b:
2024-08-08 01:06:54.454359 | 		Spearman r = 0.25601487341156925, P = 9.681914795627015e-30
2024-08-08 01:06:54.454376 | 	DMS_37C_TMAO-DeepSequence:
2024-08-08 01:06:54.456580 | 		Spearman r = 0.5354602416459431, P = 4.4257688340098606e-141
2024-08-08 01:06:54.456598 | 	DMS_37C_glycerol-esm1b:
2024-08-08 01:06:54.458803 | 		Spearman r = 0.24061201383349612, P = 1.962178262062963e-27
2024-08-08 01:06:54.458820 | 	DMS_37C_glycerol-DeepSequence:
2024-08-08 01:06:54.461105 | 		Spearman r = 0.441954874963, P = 2.5618231516091494e-95
2024-08-08 01:06:54.461124 | 	DMS_42C_TMAO-esm1b:
2024-08-08 01:06:54.463000 | 		Spearman r = 0.17906556306072619, P = 3.5708697036167628e-12
2024-08-08 01:06:54.463016 | 	DMS_42C_TMAO-DeepSequence:
2024-08-08 01:06:54.465014 | 		Spearman r = 0.49225575207087474, P = 1.5971627054010774e-91
2024-08-08 01:06:54.465032 | 	DMS_42C_glycerol-esm1b:
2024-08-08 01:06:54.467156 | 		Spearman r = 0.2491611149499606, P = 3.457894204656029e-26
2024-08-08 01:06:54.467172 | 	DMS_42C_glycerol-DeepSequence:
2024-08-08 01:06:54.469350 | 		Spearman r = 0.5455617274538593, P = 2.295479656878454e-136
2024-08-08 01:06:54.469368 | 	DMS_37C_Gm_25mug/mL-esm1b:
2024-08-08 01:06:54.471388 | 		Spearman r = 0.231161302588893, P = 3.5448036523697486e-22
2024-08-08 01:06:54.471404 | 	DMS_37C_Gm_25mug/mL-DeepSequence:
2024-08-08 01:06:54.473479 | 		Spearman r = 0.5528862800178228, P = 1.708655638819014e-137
2024-08-08 01:06:54.473497 | 	DMS_37C_TMAO_Gm_25mug/mL-esm1b:
2024-08-08 01:06:54.475490 | 		Spearman r = 0.20302442938196127, P = 3.601404841334802e-16
2024-08-08 01:06:54.475506 | 	DMS_37C_TMAO_Gm_25mug/mL-DeepSequence:
2024-08-08 01:06:54.477590 | 		Spearman r = 0.5244747022716602, P = 1.9241006857494792e-112
2024-08-08 01:06:54.477608 | 	DMS_37C_glycerol_Gm_25mug/mL-esm1b:
2024-08-08 01:06:54.479737 | 		Spearman r = 0.25861324862036456, P = 4.970665397729603e-31
2024-08-08 01:06:54.479753 | 	DMS_37C_glycerol_Gm_25mug/mL-DeepSequence:
2024-08-08 01:06:54.481981 | 		Spearman r = 0.5000288046295195, P = 2.5951041350811585e-123
2024-08-08 01:30:59.654688 | Results for data/dms/dms_ha_h1.csv:
2024-08-08 01:30:59.654758 | 	DMS-esm1b:
2024-08-08 01:30:59.664944 | 		Spearman r = 0.006831115895582263, P = 0.47952298181698694
2024-08-08 01:30:59.664966 | 	DMS-DeepSequence:
2024-08-08 01:30:59.674664 | 		Spearman r = 0.2715379436470719, P = 6.164522169310343e-178
2024-08-08 01:55:03.275177 | Results for data/dms/dms_ha_h3.csv:
2024-08-08 01:55:03.275244 | 	DMS-esm1b:
2024-08-08 01:55:03.277961 | 		Spearman r = -0.03979013503602298, P = 3.668060850593764e-05
2024-08-08 01:55:03.277981 | 	DMS-DeepSequence:
2024-08-08 01:55:03.280438 | 		Spearman r = 0.26174259024142765, P = 5.912845139255462e-168
2024-08-08 02:03:31.446628 | Results for data/dms/dms_haeiiim.csv:
2024-08-08 02:03:31.446674 | 	DMS_G3-esm1b:
2024-08-08 02:03:31.452158 | 		Spearman r = 0.42983149784919794, P = 1.4165229749349164e-87
2024-08-08 02:03:31.452177 | 	DMS_G3-DeepSequence:
2024-08-08 02:03:31.457511 | 		Spearman r = 0.6414985237097386, P = 3.874119314799191e-224
2024-08-08 02:03:31.457531 | 	DMS_G7-esm1b:
2024-08-08 02:03:31.462747 | 		Spearman r = 0.3743257285880438, P = 3.2795166017861567e-65
2024-08-08 02:03:31.462763 | 	DMS_G7-DeepSequence:
2024-08-08 02:03:31.467933 | 		Spearman r = 0.5683852644380207, P = 1.731039854018041e-165
2024-08-08 02:03:31.467951 | 	DMS_G17-esm1b:
2024-08-08 02:03:31.473109 | 		Spearman r = 0.4551141395246057, P = 3.035073580121956e-99
2024-08-08 02:03:31.473126 | 	DMS_G17-DeepSequence:
2024-08-08 02:03:31.478178 | 		Spearman r = 0.6535582129318239, P = 2.1125151804510994e-235
2024-08-08 02:06:06.240838 | Results for data/dms/dms_hras.csv:
2024-08-08 02:06:06.240886 | 	DMS_regulated-esm1b:
2024-08-08 02:06:06.244463 | 		Spearman r = 0.36274312808210873, P = 4.089364062795329e-98
2024-08-08 02:06:06.244482 | 	DMS_regulated-DeepSequence:
2024-08-08 02:06:06.248001 | 		Spearman r = 0.44617562240983905, P = 3.0371217251659067e-153
2024-08-08 02:06:06.248020 | 	DMS_attenuated-esm1b:
2024-08-08 02:06:06.250503 | 		Spearman r = 0.1246803363134795, P = 2.4601325228705824e-12
2024-08-08 02:06:06.250519 | 	DMS_attenuated-DeepSequence:
2024-08-08 02:06:06.253080 | 		Spearman r = 0.09480690806259634, P = 1.0479560428403852e-07
2024-08-08 02:06:06.253098 | 	DMS_unregulated-esm1b:
2024-08-08 02:06:06.255527 | 		Spearman r = 0.33744084335229957, P = 2.411120051112445e-84
2024-08-08 02:06:06.255542 | 	DMS_unregulated-DeepSequence:
2024-08-08 02:06:06.258098 | 		Spearman r = 0.4485160951477809, P = 5.0024730346647555e-155
2024-08-08 02:06:06.258116 | 	DMS_g12v-esm1b:
2024-08-08 02:06:06.260628 | 		Spearman r = 0.34971855323625994, P = 7.219451254131746e-91
2024-08-08 02:06:06.260644 | 	DMS_g12v-DeepSequence:
2024-08-08 02:06:06.263267 | 		Spearman r = 0.4438699613185293, P = 1.6811402510481535e-151
2024-08-08 02:40:47.224033 | Results for data/dms/dms_hsp82.csv:
2024-08-08 02:40:47.224083 | 	DMS-esm1b:
2024-08-08 02:40:47.228209 | 		Spearman r = 0.4634703870704893, P = 2.5810399015479992e-229
2024-08-08 02:40:47.228229 | 	DMS-DeepSequence:
2024-08-08 02:40:47.232173 | 		Spearman r = 0.4941006193275128, P = 4.431885852908027e-265
2024-08-08 02:41:16.424348 | Results for data/dms/dms_infa.csv:
2024-08-08 02:41:16.424387 | 	DMS_min-esm1b:
2024-08-08 02:41:16.425306 | 		Spearman r = 0.4208192401563335, P = 7.845950399878296e-60
2024-08-08 02:41:16.425325 | 	DMS_min-DeepSequence:
2024-08-08 02:41:16.426193 | 		Spearman r = 0.5307814630161093, P = 2.840276824489343e-100
2024-08-08 02:41:16.426211 | 	DMS_rich-esm1b:
2024-08-08 02:41:16.426904 | 		Spearman r = 0.4208192401563335, P = 7.845950399878296e-60
2024-08-08 02:41:16.426921 | 	DMS_rich-DeepSequence:
2024-08-08 02:41:16.427671 | 		Spearman r = 0.5307814630161093, P = 2.840276824489343e-100
2024-08-08 02:49:21.295244 | Results for data/dms/dms_mapk1.csv:
2024-08-08 02:49:21.295291 | 	DMS_DOX-esm1b:
2024-08-08 02:49:21.299731 | 		Spearman r = -0.3735058625832452, P = 1.9647734344455541e-224
2024-08-08 02:49:21.299750 | 	DMS_DOX-DeepSequence:
2024-08-08 02:49:21.303918 | 		Spearman r = -0.524514722370891, P = 0.0
2024-08-08 02:49:21.303939 | 	DMS_SCH-esm1b:
2024-08-08 02:49:21.308038 | 		Spearman r = 0.13274730175227703, P = 3.763438270373925e-28
2024-08-08 02:49:21.308054 | 	DMS_SCH-DeepSequence:
2024-08-08 02:49:21.312109 | 		Spearman r = 0.08739474498220408, P = 5.027470327273498e-13
2024-08-08 02:49:21.312127 | 	DMS_VRT-esm1b:
2024-08-08 02:49:21.316170 | 		Spearman r = 0.19428865213113214, P = 6.462257908836259e-59
2024-08-08 02:49:21.316187 | 	DMS_VRT-DeepSequence:
2024-08-08 02:49:21.320141 | 		Spearman r = 0.19226655810441598, P = 1.0358117677458512e-57
2024-08-08 02:59:00.946987 | Results for data/dms/dms_p53.csv:
2024-08-08 02:59:00.947035 | 	DMS_WT_Nutlin-esm1b:
2024-08-08 02:59:00.951744 | 		Spearman r = -0.5383844782099892, P = 0.0
2024-08-08 02:59:00.951765 | 	DMS_WT_Nutlin-DeepSequence:
2024-08-08 02:59:00.956167 | 		Spearman r = -0.3964885512825907, P = 6.819476268696585e-279
2024-08-08 02:59:00.956185 | 	DMS_null_Nutlin-esm1b:
2024-08-08 02:59:00.960607 | 		Spearman r = -0.4831208815935767, P = 0.0
2024-08-08 02:59:00.960625 | 	DMS_null_Nutlin-DeepSequence:
2024-08-08 02:59:00.964950 | 		Spearman r = -0.32184512921424985, P = 4.472343172720859e-179
2024-08-08 02:59:00.964968 | 	DMS_null_etoposide-esm1b:
2024-08-08 02:59:00.969331 | 		Spearman r = 0.4662118067313683, P = 0.0
2024-08-08 02:59:00.969349 | 	DMS_null_etoposide-DeepSequence:
2024-08-08 02:59:00.973658 | 		Spearman r = 0.39916046455733617, P = 5.587358101232554e-283
2024-08-08 03:20:43.583490 | Results for data/dms/dms_pab1.csv:
2024-08-08 03:20:43.583538 | 	DMS-esm1b:
2024-08-08 03:20:43.586291 | 		Spearman r = 0.5534426812881054, P = 3.279181553319316e-96
2024-08-08 03:20:43.586311 | 	DMS-DeepSequence:
2024-08-08 03:20:43.588862 | 		Spearman r = 0.646482582897206, P = 1.9835289912584704e-141
2024-08-08 03:30:44.754757 | Results for data/dms/dms_pten.csv:
2024-08-08 03:30:44.754804 | 	DMS_(a)-esm1b:
2024-08-08 03:30:44.758326 | 		Spearman r = 0.4761375264839156, P = 9.205500114083335e-232
2024-08-08 03:30:44.758345 | 	DMS_(a)-DeepSequence:
2024-08-08 03:30:44.761651 | 		Spearman r = 0.4138912237146598, P = 5.994125076026103e-170
2024-08-08 03:30:44.761670 | 	DMS_(b)-esm1b:
2024-08-08 03:30:44.766502 | 		Spearman r = 0.4836709578441209, P = 0.0
2024-08-08 03:30:44.766520 | 	DMS_(b)-DeepSequence:
2024-08-08 03:30:44.771343 | 		Spearman r = 0.5104705911027728, P = 0.0
2024-08-08 03:30:44.771362 | 	DMS_highqual_(b)-esm1b:
2024-08-08 03:30:44.775350 | 		Spearman r = 0.5260015718938306, P = 0.0
2024-08-08 03:30:44.775367 | 	DMS_highqual_(b)-DeepSequence:
2024-08-08 03:30:44.779370 | 		Spearman r = 0.5559132663038404, P = 0.0
2024-08-08 03:31:37.468970 | Results for data/dms/dms_sumo1.csv:
2024-08-08 03:31:37.469012 | 	DMS-esm1b:
2024-08-08 03:31:37.471115 | 		Spearman r = 0.3157882061550886, P = 1.124402429951502e-40
2024-08-08 03:31:37.471133 | 	DMS-DeepSequence:
2024-08-08 03:31:37.473205 | 		Spearman r = 0.5337810656274805, P = 8.032294451579581e-126
2024-08-08 03:31:37.473223 | 	DMS_flipped-esm1b:
2024-08-08 03:31:37.475016 | 		Spearman r = 0.31668413237594645, P = 6.569872591660378e-41
2024-08-08 03:31:37.475031 | 	DMS_flipped-DeepSequence:
2024-08-08 03:31:37.476921 | 		Spearman r = 0.5362040259610918, P = 3.6615327903771633e-127
2024-08-08 03:35:17.800889 | Results for data/dms/dms_tpk1.csv:
2024-08-08 03:35:17.800932 | 	DMS-esm1b:
2024-08-08 03:35:17.804013 | 		Spearman r = 0.2726512931397387, P = 2.4494752241592053e-55
2024-08-08 03:35:17.804031 | 	DMS-DeepSequence:
2024-08-08 03:35:17.807109 | 		Spearman r = 0.24280099811590772, P = 6.59230518635381e-44
2024-08-08 03:35:17.807128 | 	DMS_flipped-esm1b:
2024-08-08 03:35:17.809935 | 		Spearman r = 0.2879408621068053, P = 8.786426181752515e-62
2024-08-08 03:35:17.809951 | 	DMS_flipped-DeepSequence:
2024-08-08 03:35:17.812825 | 		Spearman r = 0.2564580220213769, P = 5.9652162548650945e-49
2024-08-08 03:39:01.134192 | Results for data/dms/dms_tpmt.csv:
2024-08-08 03:39:01.134235 | 	DMS-esm1b:
2024-08-08 03:39:01.137324 | 		Spearman r = 0.47251175410387497, P = 1.4433370649862547e-204
2024-08-08 03:39:01.137344 | 	DMS-DeepSequence:
2024-08-08 03:39:01.140260 | 		Spearman r = 0.4834839985341243, P = 1.835353754713478e-215
2024-08-08 03:40:45.865181 | Results for data/dms/dms_ube2i.csv:
2024-08-08 03:40:45.865225 | 	DMS-esm1b:
2024-08-08 03:40:45.867800 | 		Spearman r = 0.42638438402938283, P = 9.576663272334718e-114
2024-08-08 03:40:45.867818 | 	DMS-DeepSequence:
2024-08-08 03:40:45.870340 | 		Spearman r = 0.5032009533628997, P = 1.3342316719484786e-164
2024-08-08 03:40:45.870359 | 	DMS_flipped-esm1b:
2024-08-08 03:40:45.872631 | 		Spearman r = 0.4446955719563278, P = 1.0343588925294783e-124
2024-08-08 03:40:45.872647 | 	DMS_flipped-DeepSequence:
2024-08-08 03:40:45.875008 | 		Spearman r = 0.5234873675079789, P = 2.3866498382839045e-180
2024-08-08 03:49:32.166499 | Results for data/dms/dms_ubi4.csv:
2024-08-08 03:49:32.166543 | 	DMS_(a)-esm1b:
2024-08-08 03:49:32.168842 | 		Spearman r = 0.1410185574744041, P = 9.869992978261666e-07
2024-08-08 03:49:32.168861 | 	DMS_(a)-DeepSequence:
2024-08-08 03:49:32.171028 | 		Spearman r = 0.07270297274986905, P = 0.011938746759664305
2024-08-08 03:49:32.171046 | 	DMS_excess_(a)-esm1b:
2024-08-08 03:49:32.172742 | 		Spearman r = -0.010811740592188342, P = 0.8430130907790758
2024-08-08 03:49:32.172758 | 	DMS_excess_(a)-DeepSequence:
2024-08-08 03:49:32.174486 | 		Spearman r = 0.010365479127409668, P = 0.8494140150138807
2024-08-08 03:49:32.174504 | 	DMS_limiting_(b)-esm1b:
2024-08-08 03:49:32.176533 | 		Spearman r = 0.12474768429168011, P = 3.3494341314618395e-06
2024-08-08 03:49:32.176549 | 	DMS_limiting_(b)-DeepSequence:
2024-08-08 03:49:32.178636 | 		Spearman r = 0.1527675569083452, P = 1.1742149691927832e-08
